xmelab(64): 22.03-s012: (c) Copyright 1995-2023 Cadence Design Systems, Inc.
TOOL:	xmelab(64)	22.03-s012: Started on Jul 09, 2026 at 04:47:50 KST
xmelab
    -MESS
    -access rwc
    tb_alu

	Elaborating the design hierarchy:
		Caching library 'work_lib' ....... Done
	Building instance overlay tables: .................... Done
	Generating native compiled code:
		work_lib.alu:module <0x066074f6>
			streams:   1, words:  2338
		work_lib.tb_alu:module <0x4202c13d>
			streams:   5, words:  7186
	Building instance specific data structures.
	Loading native compiled code:     .................... Done
	Design hierarchy summary:
		                 Instances  Unique
		Modules:                 2       2
		Registers:               4       4
		Vectored wires:          4       -
		Always blocks:           1       1
		Initial blocks:          2       2
		Pseudo assignments:      3       3
		Simulation timescale:  1ps
	Writing initial simulation snapshot: work_lib.tb_alu:module
TOOL:	xmelab(64)	22.03-s012: Exiting on Jul 09, 2026 at 04:47:50 KST  (total: 00:00:00)
