xmelab(64): 22.03-s012: (c) Copyright 1995-2023 Cadence Design Systems, Inc.
TOOL:	xmelab(64)	22.03-s012: Started on Jul 02, 2026 at 01:41:20 KST
xmelab
    -MESS
    -access rwc
    tb_d_latch

	Elaborating the design hierarchy:
		Caching library 'work_lib' ....... Done
	Building instance overlay tables: .................... Done
	Generating native compiled code:
		work_lib.d_latch:module <0x34360753>
			streams:   2, words:   575
		work_lib.tb_d_latch:module <0x5d13deb6>
			streams:   5, words:  4707
	Building instance specific data structures.
	Loading native compiled code:     .................... Done
	Design hierarchy summary:
		                 Instances  Unique
		Modules:                 2       2
		Registers:               3       3
		Scalar wires:            1       -
		Vectored wires:          2       -
		Always blocks:           2       2
		Initial blocks:          2       2
		Pseudo assignments:      2       2
		Simulation timescale:  1ps
	Writing initial simulation snapshot: work_lib.tb_d_latch:module
TOOL:	xmelab(64)	22.03-s012: Exiting on Jul 02, 2026 at 01:41:20 KST  (total: 00:00:00)
