============================================================
  Generated by:           Genus(TM) Synthesis Solution 22.17-s071_1
  Generated on:           Jul 09 2026  06:26:58 pm
  Module:                 traffic_light
  Operating conditions:   PVT_0P9V_125C (balanced_tree)
  Wireload mode:          enclosed
  Area mode:              timing library
============================================================

Timing
-------
  Cost    Critical         Violating 
 Group   Path Slack  TNS     Paths   
-------------------------------------
default    No paths   0.0            
-------------------------------------
Total                 0.0          0 

Instance Count
--------------
Leaf Instance Count             19 
Physical Instance count          0 
Sequential Instance Count        4 
Combinational Instance Count    15 
Hierarchical Instance Count      0 

Area
----
Cell Area                          44.802
Physical Cell Area                 0.000
Total Cell Area (Cell+Physical)    44.802
Net Area                           0.000
Total Area (Cell+Physical+Net)     44.802

Max Fanout                         6 (r_state[0])
Min Fanout                         1 (n_1)
Average Fanout                     2.3
Terms to net ratio                 3.0476
Terms to instance ratio            3.3684
Runtime                            19.898385 seconds
Elapsed Runtime                    23 seconds
Genus peak memory usage            1780.12 
Innovus peak memory usage          no_value 
Hostname                           localhost
