xmelab(64): 22.03-s012: (c) Copyright 1995-2023 Cadence Design Systems, Inc.
TOOL:	xmelab(64)	22.03-s012: Started on Jul 01, 2026 at 02:17:23 KST
xmelab
    -MESS
    -access rwc
    tb_interrupt_controller

	Elaborating the design hierarchy:
		Caching library 'work_lib' ....... Done
	Building instance overlay tables: .................... Done
	Generating native compiled code:
		work_lib.interrupt_controller:module <0x10f04b6b>
			streams:   1, words:  4191
		work_lib.tb_interrupt_controller:module <0x58d7d36c>
			streams:   4, words:  6084
	Building instance specific data structures.
	Loading native compiled code:     .................... Done
	Design hierarchy summary:
		                 Instances  Unique
		Modules:                 2       2
		Registers:               4       4
		Scalar wires:            2       -
		Vectored wires:          2       -
		Always blocks:           1       1
		Initial blocks:          2       2
		Pseudo assignments:      2       2
		Simulation timescale:  1ps
	Writing initial simulation snapshot: work_lib.tb_interrupt_controller:module
TOOL:	xmelab(64)	22.03-s012: Exiting on Jul 01, 2026 at 02:17:23 KST  (total: 00:00:00)
