============================================================
  Generated by:           Genus(TM) Synthesis Solution 22.17-s071_1
  Generated on:           Jul 09 2026  05:42:27 am
  Module:                 alu
  Operating conditions:   PVT_0P9V_125C (balanced_tree)
  Wireload mode:          enclosed
  Area mode:              timing library
============================================================

Timing
-------
  Cost    Critical         Violating 
 Group   Path Slack  TNS     Paths   
-------------------------------------
default    No paths   0.0            
-------------------------------------
Total                 0.0          0 

Instance Count
--------------
Leaf Instance Count             76 
Physical Instance count          0 
Sequential Instance Count        0 
Combinational Instance Count    76 
Hierarchical Instance Count      0 

Area
----
Cell Area                          144.666
Physical Cell Area                 0.000
Total Cell Area (Cell+Physical)    144.666
Net Area                           0.000
Total Area (Cell+Physical+Net)     144.666

Max Fanout                         19 (i_op[0])
Min Fanout                         1 (n_0)
Average Fanout                     2.2
Terms to net ratio                 2.9406
Terms to instance ratio            3.9079
Runtime                            20.431979 seconds
Elapsed Runtime                    22 seconds
Genus peak memory usage            1782.79 
Innovus peak memory usage          no_value 
Hostname                           localhost
