###############################################################
#  Generated by:      Cadence Innovus 22.17-s086_1
#  OS:                Linux x86_64(Host ID kopo-seongnam)
#  Generated on:      Thu Jul  9 06:08:33 2026
#  Design:            alu
#  Command:           check_drc
###############################################################
#set_verify_drc_mode -check_ndr_spacing auto -check_only default -check_same_via_cell true -disable_rules "" -exclude_pg_net false -ignore_cell_blockage false -ignore_trial_route false -limit 1000 -report alu.drc.rpt -use_min_spacing_on_block_obs auto

MAR: ( Minimum Area ) Regular Wire of Net i_op[2]  ( Metal2 )
Bounds : ( 58.835, 5.185 ) ( 58.965, 5.265 )


MAR: ( Minimum Area ) Regular Wire of Net n_71  ( Metal2 )
Bounds : ( 58.435, 4.855 ) ( 58.565, 4.935 )


MAR: ( Minimum Area ) Regular Wire of Net n_71  ( Metal2 )
Bounds : ( 57.835, 4.995 ) ( 57.965, 5.075 )


MAR: ( Minimum Area ) Regular Wire of Net n_71  ( Metal3 )
Bounds : ( 57.860, 4.970 ) ( 57.940, 5.100 )


MAR: ( Minimum Area ) Regular Wire of Net n_71  ( Metal3 )
Bounds : ( 58.435, 4.855 ) ( 58.565, 4.935 )


MAR: ( Minimum Area ) Regular Wire of Net n_71  ( Metal4 )
Bounds : ( 57.835, 4.995 ) ( 57.965, 5.075 )


SHORT: ( Metal Short ) Regular Wire of Net i_op[1] & Regular Wire of Net n_71  ( Metal2 )
Bounds : ( 58.460, 4.855 ) ( 58.540, 4.935 )


SHORT: ( Metal Short ) Regular Wire of Net n_71 & Regular Wire of Net i_op[1]  ( Metal2 )
Bounds : ( 58.480, 4.830 ) ( 58.540, 4.960 )


SHORT: ( Metal Short ) Regular Wire of Net n_11 & Regular Wire of Net i_b[0]  ( Metal2 )
Bounds : ( 60.260, 4.900 ) ( 60.340, 5.100 )


SHORT: ( Metal Short ) Regular Wire of Net i_b[0] & Regular Wire of Net n_11  ( Metal2 )
Bounds : ( 60.300, 4.875 ) ( 60.340, 5.100 )


SHORT: ( Metal Short ) Regular Wire of Net n_11 & Regular Wire of Net n_71  ( Metal3 )
Bounds : ( 57.860, 4.995 ) ( 57.940, 5.075 )


EndOfLine: ( EndOfLine Spacing ) Regular Wire of Net i_b[0] & Pin of Cell g3225__1666  ( Metal1 )
Bounds : ( 59.640, 5.495 ) ( 59.645, 5.525 )


EndOfLine: ( EndOfLine Spacing ) Regular Wire of Net i_a[0] & Pin of Cell g3225__1666  ( Metal1 )
Bounds : ( 60.230, 5.250 ) ( 60.270, 5.330 )


SPACING: ( ParallelRunLength Spacing ) Regular Wire of Net n_71 & Pin of Cell g3241__1617  ( Metal1 )
Bounds : ( 58.455, 4.935 ) ( 58.565, 4.970 )


SPACING: ( ParallelRunLength Spacing ) Regular Wire of Net i_op[1] & Pin of Cell g3241__1617  ( Metal1 )
Bounds : ( 58.480, 5.105 ) ( 58.500, 5.145 )


SPACING: ( ParallelRunLength Spacing ) Regular Wire of Net i_op[1] & Blockage of Cell g3241__1617  ( Metal1 )
Bounds : ( 58.630, 5.065 ) ( 58.655, 5.145 )


SPACING: ( ParallelRunLength Spacing ) Regular Wire of Net i_b[0] & Blockage of Cell g3225__1666  ( Metal1 )
Bounds : ( 59.640, 5.495 ) ( 59.645, 5.525 )


SPACING: ( ParallelRunLength Spacing ) Regular Wire of Net i_a[0] & Pin of Cell g3225__1666  ( Metal1 )
Bounds : ( 60.130, 5.330 ) ( 60.230, 5.380 )


SPACING: ( ParallelRunLength Spacing ) Regular Wire of Net i_a[0] & Pin of Cell g3225__1666  ( Metal1 )
Bounds : ( 60.230, 5.250 ) ( 60.270, 5.330 )


SPACING: ( ParallelRunLength Spacing ) Regular Wire of Net i_a[0] & Regular Wire of Net i_b[0]  ( Metal2 )
Bounds : ( 60.205, 5.225 ) ( 60.260, 5.355 )


SPACING: ( ParallelRunLength Spacing ) Regular Wire of Net n_71 & Regular Wire of Net n_11  ( Metal3 )
Bounds : ( 58.435, 4.935 ) ( 58.565, 4.995 )


SPACING: ( ParallelRunLength Spacing ) Regular Wire of Net n_23  ( Metal2 )
Bounds : ( 54.450, 4.830 ) ( 54.460, 4.855 )


EndOfLine: ( EndOfLine Spacing ) Regular Wire of Net n_23 & Regular Wire of Net n_11  ( Metal2 )
Bounds : ( 54.450, 4.960 ) ( 54.460, 4.970 )


MAR: ( Minimum Area ) Regular Wire of Net n_11  ( Metal2 )
Bounds : ( 54.455, 5.070 ) ( 54.540, 5.175 )


SHORT: ( Metal Short ) Regular Wire of Net i_op[2] & Pin of Cell g3238__5526  ( Metal1 )
Bounds : ( 55.860, 5.235 ) ( 55.865, 5.315 )


SHORT: ( Metal Short ) Regular Wire of Net n_47 & Regular Wire of Net i_b[0]  ( Metal2 )
Bounds : ( 56.260, 4.970 ) ( 56.340, 5.670 )


SHORT: ( Metal Short ) Regular Wire of Net n_23 & Regular Wire of Net n_20  ( Metal3 )
Bounds : ( 54.435, 4.805 ) ( 55.165, 4.885 )


EndOfLine: ( EndOfLine Spacing ) Regular Wire of Net n_23 & Pin of Cell g3190__9315  ( Metal1 )
Bounds : ( 54.475, 4.855 ) ( 54.510, 4.895 )


EndOfLine: ( EndOfLine Spacing ) Regular Wire of Net n_11 & Blockage of Cell g3190__9315  ( Metal1 )
Bounds : ( 54.560, 5.095 ) ( 54.590, 5.110 )


EndOfLine: ( EndOfLine Spacing ) Regular Wire of Net i_a[1] & Blockage of Cell g3190__9315  ( Metal1 )
Bounds : ( 54.735, 5.070 ) ( 54.740, 5.150 )


EndOfLine: ( EndOfLine Spacing ) Regular Wire of Net n_27 & Blockage of Cell g3193__2883  ( Metal1 )
Bounds : ( 56.825, 5.430 ) ( 56.880, 5.470 )


SPACING: ( ParallelRunLength Spacing ) Regular Wire of Net n_23 & Pin of Cell g3190__9315  ( Metal1 )
Bounds : ( 54.345, 4.935 ) ( 54.475, 4.955 )


SPACING: ( ParallelRunLength Spacing ) Regular Wire of Net n_11 & Blockage of Cell g3190__9315  ( Metal1 )
Bounds : ( 54.430, 5.175 ) ( 54.560, 5.210 )


SPACING: ( ParallelRunLength Spacing ) Regular Wire of Net n_23 & Blockage of Cell g3190__9315  ( Metal1 )
Bounds : ( 54.475, 4.855 ) ( 54.510, 4.895 )


SPACING: ( ParallelRunLength Spacing ) Regular Wire of Net n_11 & Regular Wire of Net i_a[1]  ( Metal1 )
Bounds : ( 54.560, 5.095 ) ( 54.605, 5.150 )


SPACING: ( ParallelRunLength Spacing ) Regular Wire of Net i_a[1] & Blockage of Cell g3190__9315  ( Metal1 )
Bounds : ( 54.735, 5.070 ) ( 54.740, 5.150 )


SPACING: ( ParallelRunLength Spacing ) Regular Wire of Net n_27 & Pin of Cell g3193__2883  ( Metal1 )
Bounds : ( 56.825, 5.430 ) ( 56.880, 5.470 )


SPACING: ( ParallelRunLength Spacing ) Regular Wire of Net i_a[0] & Pin of Cell g3193__2883  ( Metal1 )
Bounds : ( 57.160, 5.430 ) ( 57.195, 5.510 )


SPACING: ( ParallelRunLength Spacing ) Regular Wire of Net i_a[1] & Pin of Cell g3193__2883  ( Metal1 )
Bounds : ( 57.405, 5.250 ) ( 57.440, 5.330 )


SPACING: ( ParallelRunLength Spacing ) Regular Wire of Net n_23 & Regular Wire of Net n_11  ( Metal2 )
Bounds : ( 54.450, 4.960 ) ( 54.460, 4.970 )


SPACING: ( ParallelRunLength Spacing ) Regular Wire of Net n_23 & Regular Wire of Net n_11  ( Metal2 )
Bounds : ( 54.460, 4.935 ) ( 54.540, 4.970 )


SPACING: ( ParallelRunLength Spacing ) Regular Wire of Net i_op[1] & Regular Wire of Net i_op[2]  ( Metal2 )
Bounds : ( 55.660, 4.530 ) ( 55.740, 4.590 )


SPACING: ( ParallelRunLength Spacing ) Regular Wire of Net i_op[2]  ( Metal2 )
Bounds : ( 55.740, 5.210 ) ( 55.760, 5.235 )


MAR: ( Minimum Area ) Regular Wire of Net n_52  ( Metal2 )
Bounds : ( 51.860, 5.565 ) ( 51.980, 5.670 )


MAR: ( Minimum Area ) Regular Wire of Net n_71  ( Metal2 )
Bounds : ( 51.635, 4.995 ) ( 51.765, 5.075 )


MAR: ( Minimum Area ) Regular Wire of Net n_41  ( Metal2 )
Bounds : ( 50.635, 4.615 ) ( 50.765, 4.695 )


MAR: ( Minimum Area ) Regular Wire of Net i_a[1]  ( Metal2 )
Bounds : ( 50.435, 4.995 ) ( 50.565, 5.075 )


MAR: ( Minimum Area ) Regular Wire of Net n_71  ( Metal3 )
Bounds : ( 51.660, 4.970 ) ( 51.740, 5.100 )


MAR: ( Minimum Area ) Regular Wire of Net n_71  ( Metal4 )
Bounds : ( 51.635, 4.995 ) ( 51.765, 5.075 )


SHORT: ( Metal Short ) Regular Wire of Net i_a[1] & Regular Wire of Net i_op[0]  ( Metal2 )
Bounds : ( 50.460, 4.970 ) ( 50.540, 5.100 )


SHORT: ( Metal Short ) Regular Wire of Net i_a[1] & Regular Wire of Net n_71  ( Metal3 )
Bounds : ( 51.660, 4.995 ) ( 51.740, 5.075 )


EndOfLine: ( EndOfLine Spacing ) Regular Wire of Net n_50 & Blockage of Cell g3189__4733  ( Metal1 )
Bounds : ( 51.025, 5.430 ) ( 51.080, 5.470 )


SPACING: ( ParallelRunLength Spacing ) Regular Wire of Net n_50 & Pin of Cell g3189__4733  ( Metal1 )
Bounds : ( 51.025, 5.430 ) ( 51.080, 5.470 )


SPACING: ( ParallelRunLength Spacing ) Regular Wire of Net n_72 & Pin of Cell g3189__4733  ( Metal1 )
Bounds : ( 51.360, 5.430 ) ( 51.395, 5.510 )


SPACING: ( ParallelRunLength Spacing ) Regular Wire of Net n_17 & Pin of Cell g3189__4733  ( Metal1 )
Bounds : ( 51.605, 5.250 ) ( 51.640, 5.330 )


SPACING: ( ParallelRunLength Spacing ) Regular Wire of Net n_49 & Blockage of Cell g3190__9315  ( Metal1 )
Bounds : ( 52.205, 5.440 ) ( 52.235, 5.485 )


MAR: ( Minimum Area ) Regular Wire of Net n_56  ( Metal2 )
Bounds : ( 43.035, 5.375 ) ( 43.165, 5.455 )


MAR: ( Minimum Area ) Regular Wire of Net n_56  ( Metal2 )
Bounds : ( 42.235, 4.805 ) ( 42.365, 4.885 )


MAR: ( Minimum Area ) Regular Wire of Net n_54  ( Metal2 )
Bounds : ( 41.860, 5.415 ) ( 41.980, 5.520 )


MAR: ( Minimum Area ) Regular Wire of Net n_25  ( Metal2 )
Bounds : ( 41.455, 5.070 ) ( 41.540, 5.175 )


SHORT: ( Metal Short ) Regular Wire of Net i_b[2] & Pin of Cell g3239__6783  ( Metal1 )
Bounds : ( 42.865, 5.220 ) ( 42.870, 5.300 )


SHORT: ( Metal Short ) Regular Wire of Net n_35 & Regular Wire of Net n_49  ( Metal2 )
Bounds : ( 41.460, 4.855 ) ( 41.540, 5.290 )


SHORT: ( Metal Short ) Regular Wire of Net n_54 & Regular Wire of Net i_a[2]  ( Metal2 )
Bounds : ( 42.060, 4.780 ) ( 42.140, 5.100 )


SHORT: ( Metal Short ) Regular Wire of Net i_op[0] & Regular Wire of Net n_57  ( Metal2 )
Bounds : ( 42.460, 5.140 ) ( 42.540, 5.480 )


SHORT: ( Metal Short ) Regular Wire of Net n_57 & Regular Wire of Net i_op[0]  ( Metal2 )
Bounds : ( 42.530, 5.115 ) ( 42.540, 5.480 )


SHORT: ( Metal Short ) Regular Wire of Net n_2 & Regular Wire of Net i_b[2]  ( Metal2 )
Bounds : ( 42.860, 5.220 ) ( 42.940, 5.555 )


SHORT: ( Metal Short ) Regular Wire of Net i_b[2] & Regular Wire of Net n_2  ( Metal2 )
Bounds : ( 42.885, 5.220 ) ( 42.940, 5.580 )


SHORT: ( Metal Short ) Regular Wire of Net n_54 & Regular Wire of Net i_op[0]  ( Metal3 )
Bounds : ( 41.835, 5.375 ) ( 42.165, 5.455 )


SHORT: ( Metal Short ) Regular Wire of Net n_56 & Regular Wire of Net i_op[0]  ( Metal3 )
Bounds : ( 42.635, 5.375 ) ( 43.165, 5.455 )


EndOfLine: ( EndOfLine Spacing ) Regular Wire of Net n_49 & Pin of Cell g3188__7482  ( Metal1 )
Bounds : ( 41.475, 4.855 ) ( 41.510, 4.895 )


EndOfLine: ( EndOfLine Spacing ) Regular Wire of Net n_25 & Blockage of Cell g3188__7482  ( Metal1 )
Bounds : ( 41.560, 5.095 ) ( 41.590, 5.110 )


EndOfLine: ( EndOfLine Spacing ) Regular Wire of Net i_a[2] & Blockage of Cell g3188__7482  ( Metal1 )
Bounds : ( 41.735, 5.070 ) ( 41.740, 5.150 )


SPACING: ( ParallelRunLength Spacing ) Regular Wire of Net n_49 & Pin of Cell g3188__7482  ( Metal1 )
Bounds : ( 41.345, 4.935 ) ( 41.475, 4.955 )


SPACING: ( ParallelRunLength Spacing ) Regular Wire of Net n_25 & Blockage of Cell g3188__7482  ( Metal1 )
Bounds : ( 41.430, 5.175 ) ( 41.560, 5.210 )


SPACING: ( ParallelRunLength Spacing ) Regular Wire of Net n_49 & Blockage of Cell g3188__7482  ( Metal1 )
Bounds : ( 41.475, 4.855 ) ( 41.510, 4.895 )


SPACING: ( ParallelRunLength Spacing ) Regular Wire of Net n_25 & Regular Wire of Net i_a[2]  ( Metal1 )
Bounds : ( 41.560, 5.095 ) ( 41.605, 5.150 )


SPACING: ( ParallelRunLength Spacing ) Regular Wire of Net i_a[2] & Blockage of Cell g3188__7482  ( Metal1 )
Bounds : ( 41.735, 5.070 ) ( 41.740, 5.150 )


SPACING: ( ParallelRunLength Spacing ) Regular Wire of Net i_op[0] & Regular Wire of Net i_b[2]  ( Metal1 )
Bounds : ( 42.635, 5.195 ) ( 42.670, 5.220 )


SPACING: ( ParallelRunLength Spacing ) Regular Wire of Net n_57 & Pin of Cell g3184__6131  ( Metal1 )
Bounds : ( 43.850, 5.185 ) ( 43.865, 5.265 )


SPACING: ( ParallelRunLength Spacing ) Regular Wire of Net n_49  ( Metal2 )
Bounds : ( 41.450, 4.830 ) ( 41.460, 4.960 )


SPACING: ( ParallelRunLength Spacing ) Regular Wire of Net n_49 & Regular Wire of Net n_25  ( Metal2 )
Bounds : ( 41.450, 4.960 ) ( 41.460, 4.970 )


SPACING: ( ParallelRunLength Spacing ) Regular Wire of Net i_op[0] & Regular Wire of Net n_56  ( Metal2 )
Bounds : ( 42.610, 5.115 ) ( 42.660, 5.245 )


SPACING: ( ParallelRunLength Spacing ) Regular Wire of Net n_56 & Regular Wire of Net i_b[2]  ( Metal2 )
Bounds : ( 42.740, 5.195 ) ( 42.765, 5.325 )


SPACING: ( ParallelRunLength Spacing ) Regular Wire of Net i_b[2]  ( Metal2 )
Bounds : ( 42.845, 5.195 ) ( 42.860, 5.325 )


SPACING: ( ParallelRunLength Spacing ) Regular Wire of Net n_57  ( Metal2 )
Bounds : ( 43.740, 5.265 ) ( 43.745, 5.290 )


SPACING: ( ParallelRunLength Spacing ) Regular Wire of Net i_op[0]  ( Metal2 )
Bounds : ( 38.610, 5.115 ) ( 38.660, 5.245 )


SHORT: ( Metal Short ) Regular Wire of Net n_12 & Regular Wire of Net n_53  ( Metal2 )
Bounds : ( 39.100, 5.415 ) ( 39.140, 5.670 )


MAR: ( Minimum Area ) Regular Wire of Net n_45  ( Metal3 )
Bounds : ( 38.035, 5.235 ) ( 38.165, 5.315 )


SHORT: ( Metal Short ) Regular Wire of Net n_12 & Pin of Cell g3199__2883  ( Metal1 )
Bounds : ( 37.665, 5.220 ) ( 37.670, 5.300 )


SHORT: ( Metal Short ) Regular Wire of Net n_45 & Pin of Cell g3210__5526  ( Metal1 )
Bounds : ( 38.260, 5.235 ) ( 38.265, 5.315 )


SHORT: ( Metal Short ) Regular Wire of Net i_b[3] & Pin of Cell g3231__5107  ( Metal1 )
Bounds : ( 38.865, 5.220 ) ( 38.870, 5.300 )


SHORT: ( Metal Short ) Regular Wire of Net i_a[3] & Regular Wire of Net n_60  ( Metal2 )
Bounds : ( 37.060, 4.590 ) ( 37.140, 5.290 )


SHORT: ( Metal Short ) Regular Wire of Net n_13 & Regular Wire of Net n_12  ( Metal2 )
Bounds : ( 37.660, 5.350 ) ( 37.740, 5.555 )


SHORT: ( Metal Short ) Regular Wire of Net n_12 & Regular Wire of Net n_13  ( Metal2 )
Bounds : ( 37.685, 5.350 ) ( 37.740, 5.580 )


SHORT: ( Metal Short ) Regular Wire of Net n_12 & Regular Wire of Net n_53  ( Metal2 )
Bounds : ( 39.060, 5.440 ) ( 39.140, 5.670 )


SHORT: ( Metal Short ) Regular Wire of Net i_a[3] & Regular Wire of Net i_op[0]  ( Metal3 )
Bounds : ( 37.035, 5.185 ) ( 37.365, 5.265 )


SHORT: ( Metal Short ) Regular Wire of Net i_op[0] & Regular Wire of Net n_45  ( Metal3 )
Bounds : ( 38.035, 5.235 ) ( 38.165, 5.265 )


SHORT: ( Metal Short ) Regular Wire of Net n_45 & Regular Wire of Net i_op[0]  ( Metal3 )
Bounds : ( 38.060, 5.210 ) ( 38.140, 5.265 )


SPACING: ( ParallelRunLength Spacing ) Regular Wire of Net i_a[3] & Regular Wire of Net n_12  ( Metal1 )
Bounds : ( 37.435, 5.195 ) ( 37.470, 5.220 )


SPACING: ( ParallelRunLength Spacing ) Regular Wire of Net i_op[0] & Regular Wire of Net i_b[3]  ( Metal1 )
Bounds : ( 38.635, 5.195 ) ( 38.670, 5.220 )


SPACING: ( ParallelRunLength Spacing ) Regular Wire of Net n_53 & Blockage of Cell g3188__7482  ( Metal1 )
Bounds : ( 39.205, 5.440 ) ( 39.235, 5.485 )


SPACING: ( ParallelRunLength Spacing ) Regular Wire of Net n_12  ( Metal2 )
Bounds : ( 37.645, 5.300 ) ( 37.660, 5.325 )


SPACING: ( ParallelRunLength Spacing ) Regular Wire of Net n_12  ( Metal2 )
Bounds : ( 37.645, 5.325 ) ( 37.660, 5.350 )


SPACING: ( ParallelRunLength Spacing ) Regular Wire of Net i_op[0] & Regular Wire of Net i_b[3]  ( Metal2 )
Bounds : ( 38.740, 5.195 ) ( 38.765, 5.325 )


SPACING: ( ParallelRunLength Spacing ) Regular Wire of Net i_b[3]  ( Metal2 )
Bounds : ( 38.845, 5.195 ) ( 38.860, 5.220 )


EndOfLine: ( EndOfLine Spacing ) Regular Wire of Net i_a[3] & Blockage of Cell g3185__7098  ( Metal1 )
Bounds : ( 36.935, 5.070 ) ( 36.940, 5.150 )


MAR: ( Minimum Area ) Regular Wire of Net n_59  ( Metal2 )
Bounds : ( 34.260, 5.415 ) ( 34.380, 5.520 )


SHORT: ( Metal Short ) Regular Wire of Net n_53 & Regular Wire of Net n_19  ( Metal2 )
Bounds : ( 36.660, 5.070 ) ( 36.735, 5.670 )


SHORT: ( Metal Short ) Regular Wire of Net n_53 & Regular Wire of Net n_19  ( Metal2 )
Bounds : ( 36.660, 5.095 ) ( 36.740, 5.670 )


EndOfLine: ( EndOfLine Spacing ) Regular Wire of Net n_53 & Pin of Cell g3185__7098  ( Metal1 )
Bounds : ( 36.675, 4.855 ) ( 36.710, 4.895 )


EndOfLine: ( EndOfLine Spacing ) Regular Wire of Net n_19 & Blockage of Cell g3185__7098  ( Metal1 )
Bounds : ( 36.760, 5.095 ) ( 36.790, 5.110 )


SPACING: ( ParallelRunLength Spacing ) Regular Wire of Net n_59 & Blockage of Cell g3185__7098  ( Metal1 )
Bounds : ( 34.405, 5.440 ) ( 34.435, 5.485 )


SPACING: ( ParallelRunLength Spacing ) Regular Wire of Net n_53 & Pin of Cell g3185__7098  ( Metal1 )
Bounds : ( 36.545, 4.935 ) ( 36.675, 4.955 )


SPACING: ( ParallelRunLength Spacing ) Regular Wire of Net n_19 & Blockage of Cell g3185__7098  ( Metal1 )
Bounds : ( 36.630, 5.175 ) ( 36.760, 5.210 )


SPACING: ( ParallelRunLength Spacing ) Regular Wire of Net n_53 & Blockage of Cell g3185__7098  ( Metal1 )
Bounds : ( 36.675, 4.855 ) ( 36.710, 4.895 )


SPACING: ( ParallelRunLength Spacing ) Regular Wire of Net n_19 & Regular Wire of Net i_a[3]  ( Metal1 )
Bounds : ( 36.760, 5.095 ) ( 36.805, 5.150 )


SPACING: ( ParallelRunLength Spacing ) Regular Wire of Net i_a[3] & Blockage of Cell g3185__7098  ( Metal1 )
Bounds : ( 36.935, 5.070 ) ( 36.940, 5.150 )


SPACING: ( ParallelRunLength Spacing ) Regular Wire of Net n_53  ( Metal2 )
Bounds : ( 36.650, 4.935 ) ( 36.660, 4.960 )


MAR: ( Minimum Area ) Regular Wire of Net n_42  ( Metal2 )
Bounds : ( 28.235, 4.995 ) ( 28.365, 5.075 )


MAR: ( Minimum Area ) Regular Wire of Net n_63  ( Metal2 )
Bounds : ( 27.660, 5.415 ) ( 27.780, 5.520 )


MAR: ( Minimum Area ) Regular Wire of Net n_62  ( Metal2 )
Bounds : ( 24.860, 5.415 ) ( 24.980, 5.520 )


MAR: ( Minimum Area ) Regular Wire of Net i_a[4]  ( Metal2 )
Bounds : ( 27.430, 5.045 ) ( 27.540, 5.150 )


SHORT: ( Metal Short ) Regular Wire of Net n_59 & Regular Wire of Net n_18  ( Metal2 )
Bounds : ( 27.260, 5.070 ) ( 27.335, 5.480 )


SHORT: ( Metal Short ) Regular Wire of Net n_59 & Regular Wire of Net n_18  ( Metal2 )
Bounds : ( 27.260, 5.095 ) ( 27.340, 5.480 )


SHORT: ( Metal Short ) Regular Wire of Net n_63 & Regular Wire of Net i_a[4]  ( Metal2 )
Bounds : ( 27.460, 4.970 ) ( 27.540, 5.150 )


SHORT: ( Metal Short ) Regular Wire of Net n_63 & Regular Wire of Net i_a[4]  ( Metal2 )
Bounds : ( 27.460, 4.970 ) ( 27.510, 5.175 )


SHORT: ( Metal Short ) Regular Wire of Net n_36 & Regular Wire of Net i_a[4]  ( Metal3 )
Bounds : ( 27.435, 4.995 ) ( 27.765, 5.075 )


SHORT: ( Metal Short ) Regular Wire of Net n_63 & Regular Wire of Net n_59  ( Metal3 )
Bounds : ( 27.435, 5.375 ) ( 27.765, 5.455 )


EndOfLine: ( EndOfLine Spacing ) Regular Wire of Net n_59 & Pin of Cell g3182__5122  ( Metal1 )
Bounds : ( 27.275, 4.855 ) ( 27.310, 4.895 )


EndOfLine: ( EndOfLine Spacing ) Regular Wire of Net n_18 & Blockage of Cell g3182__5122  ( Metal1 )
Bounds : ( 27.360, 5.095 ) ( 27.390, 5.110 )


EndOfLine: ( EndOfLine Spacing ) Regular Wire of Net i_a[4] & Blockage of Cell g3182__5122  ( Metal1 )
Bounds : ( 27.535, 5.070 ) ( 27.540, 5.150 )


SPACING: ( ParallelRunLength Spacing ) Regular Wire of Net n_62 & Blockage of Cell g3182__5122  ( Metal1 )
Bounds : ( 25.005, 5.440 ) ( 25.035, 5.485 )


SPACING: ( ParallelRunLength Spacing ) Regular Wire of Net n_59 & Pin of Cell g3182__5122  ( Metal1 )
Bounds : ( 27.145, 4.935 ) ( 27.275, 4.955 )


SPACING: ( ParallelRunLength Spacing ) Regular Wire of Net n_18 & Blockage of Cell g3182__5122  ( Metal1 )
Bounds : ( 27.230, 5.175 ) ( 27.360, 5.210 )


SPACING: ( ParallelRunLength Spacing ) Regular Wire of Net n_59 & Blockage of Cell g3182__5122  ( Metal1 )
Bounds : ( 27.275, 4.855 ) ( 27.310, 4.895 )


SPACING: ( ParallelRunLength Spacing ) Regular Wire of Net n_18 & Regular Wire of Net i_a[4]  ( Metal1 )
Bounds : ( 27.360, 5.095 ) ( 27.405, 5.150 )


SPACING: ( ParallelRunLength Spacing ) Regular Wire of Net i_a[4] & Blockage of Cell g3182__5122  ( Metal1 )
Bounds : ( 27.535, 5.070 ) ( 27.540, 5.150 )


SPACING: ( ParallelRunLength Spacing ) Regular Wire of Net n_63 & Pin of Cell g3178__1617  ( Metal1 )
Bounds : ( 27.805, 5.440 ) ( 27.855, 5.480 )


SPACING: ( ParallelRunLength Spacing ) Regular Wire of Net n_67 & Pin of Cell g3178__1617  ( Metal1 )
Bounds : ( 28.650, 5.185 ) ( 28.665, 5.265 )


SPACING: ( ParallelRunLength Spacing ) Regular Wire of Net n_59  ( Metal2 )
Bounds : ( 27.250, 4.935 ) ( 27.260, 4.960 )


SPACING: ( ParallelRunLength Spacing ) Regular Wire of Net n_67  ( Metal2 )
Bounds : ( 28.540, 5.160 ) ( 28.545, 5.185 )


SPACING: ( ParallelRunLength Spacing ) Regular Wire of Net n_67 & Regular Wire of Net n_42  ( Metal2 )
Bounds : ( 28.625, 5.100 ) ( 28.660, 5.160 )


MAR: ( Minimum Area ) Regular Wire of Net n_24  ( Metal2 )
Bounds : ( 24.060, 5.035 ) ( 24.180, 5.140 )


SHORT: ( Metal Short ) Regular Wire of Net i_b[5] & Pin of Cell g3230__2398  ( Metal1 )
Bounds : ( 23.065, 5.220 ) ( 23.070, 5.300 )


SHORT: ( Metal Short ) Regular Wire of Net i_b[4] & Pin of Cell g3233__6260  ( Metal1 )
Bounds : ( 24.665, 5.220 ) ( 24.670, 5.300 )


SHORT: ( Metal Short ) Regular Wire of Net n_14 & Regular Wire of Net i_b[5]  ( Metal2 )
Bounds : ( 23.060, 4.780 ) ( 23.140, 5.300 )


SHORT: ( Metal Short ) Regular Wire of Net n_24 & Regular Wire of Net i_op[0]  ( Metal2 )
Bounds : ( 24.060, 4.970 ) ( 24.140, 5.140 )


SHORT: ( Metal Short ) Regular Wire of Net i_op[0] & Regular Wire of Net n_24  ( Metal2 )
Bounds : ( 24.100, 4.970 ) ( 24.140, 5.165 )


SHORT: ( Metal Short ) Regular Wire of Net i_op[0] & Regular Wire of Net n_18  ( Metal2 )
Bounds : ( 24.260, 5.140 ) ( 24.340, 5.290 )


SHORT: ( Metal Short ) Regular Wire of Net n_18 & Regular Wire of Net i_op[0]  ( Metal2 )
Bounds : ( 24.330, 5.115 ) ( 24.340, 5.290 )


SPACING: ( ParallelRunLength Spacing ) Regular Wire of Net i_op[0] & Regular Wire of Net i_b[5]  ( Metal1 )
Bounds : ( 22.835, 5.195 ) ( 22.870, 5.220 )


SPACING: ( ParallelRunLength Spacing ) Regular Wire of Net i_op[0] & Pin of Cell g3216__7098  ( Metal1 )
Bounds : ( 23.625, 5.020 ) ( 23.660, 5.090 )


SPACING: ( ParallelRunLength Spacing ) Regular Wire of Net i_op[0] & Regular Wire of Net i_b[4]  ( Metal1 )
Bounds : ( 24.435, 5.195 ) ( 24.470, 5.220 )


SPACING: ( ParallelRunLength Spacing ) Regular Wire of Net i_b[5] & Regular Wire of Net n_14  ( Metal2 )
Bounds : ( 23.045, 5.195 ) ( 23.060, 5.325 )


SPACING: ( ParallelRunLength Spacing ) Regular Wire of Net i_op[0] & Regular Wire of Net n_6  ( Metal2 )
Bounds : ( 24.410, 5.115 ) ( 24.460, 5.245 )


SPACING: ( ParallelRunLength Spacing ) Regular Wire of Net n_6 & Regular Wire of Net i_b[4]  ( Metal2 )
Bounds : ( 24.540, 5.195 ) ( 24.565, 5.325 )


SPACING: ( ParallelRunLength Spacing ) Regular Wire of Net i_b[4]  ( Metal2 )
Bounds : ( 24.645, 5.195 ) ( 24.660, 5.220 )


SPACING: ( ParallelRunLength Spacing ) Regular Wire of Net n_14  ( Metal2 )
Bounds : ( 22.445, 5.195 ) ( 22.460, 5.220 )


SPACING: ( ParallelRunLength Spacing ) Regular Wire of Net n_15 & Regular Wire of Net n_62  ( Metal2 )
Bounds : ( 21.340, 4.830 ) ( 21.370, 4.960 )


EndOfLine: ( EndOfLine Spacing ) Regular Wire of Net i_a[5] & Blockage of Cell g3179__3680  ( Metal1 )
Bounds : ( 21.735, 5.070 ) ( 21.740, 5.150 )


SHORT: ( Metal Short ) Regular Wire of Net n_62 & Regular Wire of Net n_24  ( Metal2 )
Bounds : ( 21.460, 4.970 ) ( 21.535, 5.200 )


MAR: ( Minimum Area ) Regular Wire of Net n_24  ( Metal2 )
Bounds : ( 21.455, 5.070 ) ( 21.540, 5.175 )


SHORT: ( Cut Short ) Regular Wire of Net n_70 & Regular Wire of Net i_a[5]  ( Via2 )
Bounds : ( 21.865, 5.190 ) ( 21.935, 5.260 )


SHORT: ( Metal Short ) Regular Wire of Net n_14 & Pin of Cell g3195__9945  ( Metal1 )
Bounds : ( 22.465, 5.220 ) ( 22.470, 5.300 )


SHORT: ( Metal Short ) Regular Wire of Net n_62 & Regular Wire of Net n_24  ( Metal2 )
Bounds : ( 21.460, 4.970 ) ( 21.540, 5.175 )


SHORT: ( Metal Short ) Regular Wire of Net i_a[5] & Regular Wire of Net n_70  ( Metal2 )
Bounds : ( 21.860, 5.160 ) ( 21.940, 5.290 )


SHORT: ( Metal Short ) Regular Wire of Net n_70 & Regular Wire of Net i_a[5]  ( Metal3 )
Bounds : ( 21.835, 5.185 ) ( 21.965, 5.265 )


EndOfLine: ( EndOfLine Spacing ) Regular Wire of Net n_62 & Pin of Cell g3179__3680  ( Metal1 )
Bounds : ( 21.475, 4.855 ) ( 21.510, 4.895 )


EndOfLine: ( EndOfLine Spacing ) Regular Wire of Net n_24 & Blockage of Cell g3179__3680  ( Metal1 )
Bounds : ( 21.560, 5.095 ) ( 21.590, 5.110 )


SPACING: ( ParallelRunLength Spacing ) Regular Wire of Net n_62 & Pin of Cell g3179__3680  ( Metal1 )
Bounds : ( 21.345, 4.935 ) ( 21.475, 4.955 )


SPACING: ( ParallelRunLength Spacing ) Regular Wire of Net n_24 & Blockage of Cell g3179__3680  ( Metal1 )
Bounds : ( 21.430, 5.175 ) ( 21.560, 5.210 )


SPACING: ( ParallelRunLength Spacing ) Regular Wire of Net n_62 & Blockage of Cell g3179__3680  ( Metal1 )
Bounds : ( 21.475, 4.855 ) ( 21.510, 4.895 )


SPACING: ( ParallelRunLength Spacing ) Regular Wire of Net n_24 & Regular Wire of Net i_a[5]  ( Metal1 )
Bounds : ( 21.560, 5.095 ) ( 21.605, 5.150 )


SPACING: ( ParallelRunLength Spacing ) Regular Wire of Net i_a[5] & Blockage of Cell g3179__3680  ( Metal1 )
Bounds : ( 21.735, 5.070 ) ( 21.740, 5.150 )


SPACING: ( ParallelRunLength Spacing ) Regular Wire of Net i_a[5] & Regular Wire of Net n_14  ( Metal1 )
Bounds : ( 22.235, 5.195 ) ( 22.270, 5.220 )


SPACING: ( ParallelRunLength Spacing ) Regular Wire of Net n_62  ( Metal2 )
Bounds : ( 21.450, 4.935 ) ( 21.460, 4.960 )


SPACING: ( ParallelRunLength Spacing ) Regular Wire of Net n_62  ( Metal2 )
Bounds : ( 21.450, 4.960 ) ( 21.460, 4.970 )


MAR: ( Minimum Area ) Regular Wire of Net n_69  ( Metal2 )
Bounds : ( 19.035, 5.440 ) ( 19.180, 5.520 )


MAR: ( Minimum Area ) Regular Wire of Net n_69  ( Metal3 )
Bounds : ( 19.035, 5.440 ) ( 19.165, 5.520 )


SPACING: ( ParallelRunLength Spacing ) Regular Wire of Net n_69 & Blockage of Cell g3179__3680  ( Metal1 )
Bounds : ( 19.205, 5.440 ) ( 19.235, 5.485 )


SHORT: ( Metal Short ) Regular Wire of Net n_6 & Regular Wire of Net n_18  ( Metal3 )
Bounds : ( 24.435, 5.565 ) ( 24.765, 5.645 )


MAR: ( Minimum Area ) Regular Wire of Net n_4  ( Metal2 )
Bounds : ( 8.235, 5.185 ) ( 8.365, 5.265 )


MAR: ( Minimum Area ) Regular Wire of Net n_22  ( Metal2 )
Bounds : ( 8.460, 5.035 ) ( 8.580, 5.140 )


MAR: ( Minimum Area ) Regular Wire of Net n_26  ( Metal2 )
Bounds : ( 9.035, 4.995 ) ( 9.165, 5.075 )


MAR: ( Minimum Area ) Regular Wire of Net n_72  ( Metal2 )
Bounds : ( 10.035, 4.995 ) ( 10.165, 5.075 )


MAR: ( Minimum Area ) Regular Wire of Net n_78  ( Metal2 )
Bounds : ( 11.635, 5.185 ) ( 11.765, 5.265 )


MAR: ( Minimum Area ) Regular Wire of Net n_26  ( Metal3 )
Bounds : ( 9.035, 4.995 ) ( 9.165, 5.075 )


SHORT: ( Metal Short ) Regular Wire of Net n_4 & Regular Wire of Net n_9  ( Metal2 )
Bounds : ( 8.660, 4.400 ) ( 8.740, 5.480 )


SHORT: ( Metal Short ) Regular Wire of Net n_48 & Regular Wire of Net i_a[6]  ( Metal2 )
Bounds : ( 11.260, 5.565 ) ( 11.340, 5.670 )


SHORT: ( Metal Short ) Regular Wire of Net n_78 & Regular Wire of Net i_a[6]  ( Metal2 )
Bounds : ( 11.660, 5.160 ) ( 11.740, 5.290 )


SHORT: ( Metal Short ) Regular Wire of Net n_78 & Regular Wire of Net n_5  ( Metal2 )
Bounds : ( 11.860, 4.590 ) ( 11.940, 5.100 )


SHORT: ( Metal Short ) Regular Wire of Net n_4 & Regular Wire of Net n_75  ( Metal3 )
Bounds : ( 8.235, 5.185 ) ( 8.765, 5.265 )


SHORT: ( Metal Short ) Regular Wire of Net n_75 & Regular Wire of Net n_78  ( Metal3 )
Bounds : ( 11.635, 5.185 ) ( 11.965, 5.265 )


EndOfLine: ( EndOfLine Spacing ) Regular Wire of Net i_a[6] & Regular Wire of Net n_45  ( Metal1 )
Bounds : ( 11.245, 5.070 ) ( 11.260, 5.140 )


SPACING: ( ParallelRunLength Spacing ) Regular Wire of Net n_48 & Pin of Cell g3171__2398  ( Metal1 )
Bounds : ( 9.450, 5.185 ) ( 9.465, 5.265 )


SPACING: ( ParallelRunLength Spacing ) Regular Wire of Net n_40 & Pin of Cell g3192__9945  ( Metal1 )
Bounds : ( 10.865, 4.870 ) ( 10.920, 4.950 )


SPACING: ( ParallelRunLength Spacing ) Regular Wire of Net n_40 & Pin of Cell g3192__9945  ( Metal1 )
Bounds : ( 10.865, 4.950 ) ( 10.900, 4.990 )


SPACING: ( ParallelRunLength Spacing ) Regular Wire of Net n_48 & Pin of Cell g3192__9945  ( Metal1 )
Bounds : ( 11.140, 5.545 ) ( 11.145, 5.565 )


SPACING: ( ParallelRunLength Spacing ) Regular Wire of Net n_45 & Regular Wire of Net i_a[6]  ( Metal1 )
Bounds : ( 11.235, 5.140 ) ( 11.245, 5.185 )


SPACING: ( ParallelRunLength Spacing ) Regular Wire of Net n_45 & Pin of Cell g3192__9945  ( Metal1 )
Bounds : ( 11.245, 5.070 ) ( 11.260, 5.140 )


SPACING: ( ParallelRunLength Spacing ) Regular Wire of Net n_79 & Blockage of Cell g3173__6260  ( Metal1 )
Bounds : ( 12.505, 5.725 ) ( 12.635, 5.775 )


SPACING: ( ParallelRunLength Spacing ) Regular Wire of Net n_48  ( Metal2 )
Bounds : ( 9.340, 5.265 ) ( 9.345, 5.290 )


SPACING: ( ParallelRunLength Spacing ) Regular Wire of Net n_40  ( Metal2 )
Bounds : ( 10.740, 4.845 ) ( 10.760, 4.870 )


SPACING: ( ParallelRunLength Spacing ) Regular Wire of Net n_45 & Regular Wire of Net i_a[6]  ( Metal2 )
Bounds : ( 11.220, 5.140 ) ( 11.260, 5.160 )


SPACING: ( ParallelRunLength Spacing ) Regular Wire of Net n_45 & Regular Wire of Net i_a[6]  ( Metal2 )
Bounds : ( 11.220, 5.160 ) ( 11.260, 5.165 )


SPACING: ( ParallelRunLength Spacing ) Regular Wire of Net n_48 & Regular Wire of Net i_a[6]  ( Metal2 )
Bounds : ( 11.245, 5.540 ) ( 11.260, 5.670 )


SPACING: ( ParallelRunLength Spacing ) Regular Wire of Net n_75 & Regular Wire of Net n_79  ( Metal2 )
Bounds : ( 12.460, 5.290 ) ( 12.540, 5.350 )


SPACING: ( ParallelRunLength Spacing ) Regular Wire of Net n_69 & Blockage of Cell g3176__5526  ( Metal1 )
Bounds : ( 7.075, 4.855 ) ( 7.110, 4.895 )


MAR: ( Minimum Area ) Regular Wire of Net n_74  ( Metal2 )
Bounds : ( 4.660, 5.415 ) ( 4.780, 5.520 )


MAR: ( Minimum Area ) Regular Wire of Net n_69  ( Metal2 )
Bounds : ( 6.970, 4.855 ) ( 7.165, 4.935 )


MAR: ( Minimum Area ) Regular Wire of Net n_22  ( Metal2 )
Bounds : ( 7.055, 5.070 ) ( 7.140, 5.175 )


MAR: ( Minimum Area ) Regular Wire of Net i_op[0]  ( Metal2 )
Bounds : ( 7.835, 5.020 ) ( 8.000, 5.100 )


MAR: ( Minimum Area ) Regular Wire of Net i_b[6]  ( Metal2 )
Bounds : ( 8.035, 4.615 ) ( 8.165, 4.695 )


MAR: ( Minimum Area ) Regular Wire of Net n_69  ( Metal3 )
Bounds : ( 7.035, 4.855 ) ( 7.165, 4.935 )


MAR: ( Minimum Area ) Regular Wire of Net i_op[0]  ( Metal3 )
Bounds : ( 7.835, 5.020 ) ( 7.965, 5.100 )


SHORT: ( Metal Short ) Regular Wire of Net n_77 & Regular Wire of Net n_74  ( Metal3 )
Bounds : ( 4.435, 5.375 ) ( 4.765, 5.455 )


SHORT: ( Metal Short ) Regular Wire of Net i_op[0] & Regular Wire of Net n_22  ( Metal3 )
Bounds : ( 7.835, 5.020 ) ( 7.965, 5.075 )


SHORT: ( Metal Short ) Regular Wire of Net n_22 & Regular Wire of Net i_op[0]  ( Metal3 )
Bounds : ( 7.860, 4.995 ) ( 7.940, 5.075 )


EndOfLine: ( EndOfLine Spacing ) Regular Wire of Net n_69 & Pin of Cell g3176__5526  ( Metal1 )
Bounds : ( 7.075, 4.855 ) ( 7.110, 4.895 )


EndOfLine: ( EndOfLine Spacing ) Regular Wire of Net n_22 & Blockage of Cell g3176__5526  ( Metal1 )
Bounds : ( 7.160, 5.095 ) ( 7.190, 5.110 )


EndOfLine: ( EndOfLine Spacing ) Regular Wire of Net i_a[6] & Blockage of Cell g3176__5526  ( Metal1 )
Bounds : ( 7.335, 5.070 ) ( 7.340, 5.150 )


EndOfLine: ( EndOfLine Spacing ) Regular Wire of Net n_69 & Regular Wire of Net n_22  ( Metal2 )
Bounds : ( 7.050, 4.960 ) ( 7.060, 4.970 )


SPACING: ( ParallelRunLength Spacing ) Regular Wire of Net n_74 & Blockage of Cell g3176__5526  ( Metal1 )
Bounds : ( 4.805, 5.440 ) ( 4.835, 5.485 )


SPACING: ( ParallelRunLength Spacing ) Regular Wire of Net n_69 & Pin of Cell g3176__5526  ( Metal1 )
Bounds : ( 6.945, 4.935 ) ( 7.075, 4.955 )


SPACING: ( ParallelRunLength Spacing ) Regular Wire of Net n_22 & Blockage of Cell g3176__5526  ( Metal1 )
Bounds : ( 7.030, 5.175 ) ( 7.160, 5.210 )


SPACING: ( ParallelRunLength Spacing ) Regular Wire of Net n_22 & Regular Wire of Net i_a[6]  ( Metal1 )
Bounds : ( 7.160, 5.095 ) ( 7.205, 5.150 )


SPACING: ( ParallelRunLength Spacing ) Regular Wire of Net i_a[6] & Blockage of Cell g3176__5526  ( Metal1 )
Bounds : ( 7.335, 5.070 ) ( 7.340, 5.150 )


SPACING: ( ParallelRunLength Spacing ) Regular Wire of Net i_op[0] & Pin of Cell g3221__1881  ( Metal1 )
Bounds : ( 8.025, 5.020 ) ( 8.060, 5.090 )


SPACING: ( ParallelRunLength Spacing ) Regular Wire of Net n_69 & Regular Wire of Net n_22  ( Metal2 )
Bounds : ( 7.050, 4.960 ) ( 7.060, 4.970 )


SPACING: ( ParallelRunLength Spacing ) Regular Wire of Net n_69 & Regular Wire of Net n_22  ( Metal2 )
Bounds : ( 7.060, 4.935 ) ( 7.140, 4.970 )


SPACING: ( ParallelRunLength Spacing ) Regular Wire of Net n_69 & Regular Wire of Net n_22  ( Metal3 )
Bounds : ( 7.035, 4.935 ) ( 7.165, 4.995 )


SPACING: ( ParallelRunLength Spacing ) Regular Wire of Net i_op[0] & Regular Wire of Net n_75  ( Metal3 )
Bounds : ( 7.860, 5.125 ) ( 7.940, 5.185 )


SHORT: ( Metal Short ) Regular Wire of Net n_27 & Regular Wire of Net i_op[0]  ( Metal3 )
Bounds : ( 60.235, 4.045 ) ( 60.565, 4.125 )


MAR: ( Minimum Area ) Regular Wire of Net n_1  ( Metal2 )
Bounds : ( 60.460, 3.070 ) ( 60.580, 3.175 )


MAR: ( Minimum Area ) Regular Wire of Net n_72  ( Metal2 )
Bounds : ( 60.860, 3.465 ) ( 60.980, 3.580 )


SHORT: ( Metal Short ) Regular Wire of Net i_op[2] & Pin of Cell g3234__4319  ( Metal1 )
Bounds : ( 59.665, 3.440 ) ( 59.670, 3.520 )


SHORT: ( Metal Short ) Regular Wire of Net i_op[1] & Pin of Cell g3237__8428  ( Metal1 )
Bounds : ( 61.465, 3.440 ) ( 61.470, 3.520 )


SHORT: ( Metal Short ) Regular Wire of Net i_op[2] & Regular Wire of Net n_72  ( Metal2 )
Bounds : ( 59.660, 3.260 ) ( 59.740, 3.520 )


SHORT: ( Metal Short ) Regular Wire of Net i_b[0] & Regular Wire of Net n_27  ( Metal2 )
Bounds : ( 60.260, 3.960 ) ( 60.290, 4.150 )


SHORT: ( Metal Short ) Regular Wire of Net i_b[0] & Regular Wire of Net n_27  ( Metal2 )
Bounds : ( 60.260, 3.985 ) ( 60.340, 4.150 )


EndOfLine: ( EndOfLine Spacing ) Regular Wire of Net i_op[1] & Pin of Cell g3208__2802  ( Metal1 )
Bounds : ( 58.045, 3.130 ) ( 58.080, 3.210 )


SPACING: ( ParallelRunLength Spacing ) Regular Wire of Net i_op[1] & Pin of Cell g3208__2802  ( Metal1 )
Bounds : ( 58.045, 3.130 ) ( 58.080, 3.210 )


SPACING: ( ParallelRunLength Spacing ) Regular Wire of Net n_28 & Pin of Cell g3208__2802  ( Metal1 )
Bounds : ( 58.340, 3.085 ) ( 58.345, 3.105 )


SPACING: ( ParallelRunLength Spacing ) Regular Wire of Net i_a[0] & Blockage of Cell g3208__2802  ( Metal1 )
Bounds : ( 59.005, 3.220 ) ( 59.040, 3.300 )


SPACING: ( ParallelRunLength Spacing ) Regular Wire of Net i_op[1] & Regular Wire of Net i_op[2]  ( Metal1 )
Bounds : ( 59.435, 3.520 ) ( 59.470, 3.545 )


SPACING: ( ParallelRunLength Spacing ) Regular Wire of Net n_27 & Pin of Cell g3209__1705  ( Metal1 )
Bounds : ( 60.175, 3.985 ) ( 60.185, 4.025 )


SPACING: ( ParallelRunLength Spacing ) Regular Wire of Net n_27 & Pin of Cell g3209__1705  ( Metal1 )
Bounds : ( 60.315, 4.020 ) ( 60.365, 4.065 )


SPACING: ( ParallelRunLength Spacing ) Regular Wire of Net i_b[0] & Pin of Cell g3209__1705  ( Metal1 )
Bounds : ( 60.415, 3.270 ) ( 60.450, 3.350 )


SPACING: ( ParallelRunLength Spacing ) Regular Wire of Net n_1 & Blockage of Cell g3209__1705  ( Metal1 )
Bounds : ( 60.605, 3.070 ) ( 60.640, 3.150 )


SPACING: ( ParallelRunLength Spacing ) Regular Wire of Net i_op[0] & Regular Wire of Net i_op[1]  ( Metal1 )
Bounds : ( 61.235, 3.520 ) ( 61.270, 3.545 )


SPACING: ( ParallelRunLength Spacing ) Regular Wire of Net i_op[1] & Regular Wire of Net i_op[2]  ( Metal2 )
Bounds : ( 58.020, 3.235 ) ( 58.060, 3.260 )


SPACING: ( ParallelRunLength Spacing ) Regular Wire of Net n_28  ( Metal2 )
Bounds : ( 58.445, 2.980 ) ( 58.460, 3.005 )


SPACING: ( ParallelRunLength Spacing ) Regular Wire of Net i_op[1] & Regular Wire of Net i_op[0]  ( Metal2 )
Bounds : ( 59.260, 3.770 ) ( 59.340, 3.830 )


SPACING: ( ParallelRunLength Spacing ) Regular Wire of Net i_op[2] & Regular Wire of Net n_72  ( Metal2 )
Bounds : ( 59.645, 3.415 ) ( 59.660, 3.545 )


SPACING: ( ParallelRunLength Spacing ) Regular Wire of Net i_op[1]  ( Metal2 )
Bounds : ( 61.445, 3.520 ) ( 61.460, 3.545 )


SPACING: ( ParallelRunLength Spacing ) Regular Wire of Net i_op[0] & Regular Wire of Net i_b[1]  ( Metal1 )
Bounds : ( 54.035, 3.520 ) ( 54.070, 3.545 )


MAR: ( Minimum Area ) Regular Wire of Net n_23  ( Metal2 )
Bounds : ( 55.260, 3.600 ) ( 55.380, 3.705 )


SHORT: ( Metal Short ) Regular Wire of Net n_16 & Pin of Cell g3194__9315  ( Metal1 )
Bounds : ( 53.665, 3.440 ) ( 53.670, 3.520 )


SHORT: ( Metal Short ) Regular Wire of Net i_b[1] & Pin of Cell g3240__3680  ( Metal1 )
Bounds : ( 54.265, 3.440 ) ( 54.270, 3.520 )


SHORT: ( Metal Short ) Regular Wire of Net n_16 & Regular Wire of Net n_17  ( Metal2 )
Bounds : ( 53.660, 3.185 ) ( 53.740, 3.520 )


SHORT: ( Metal Short ) Regular Wire of Net n_16 & Regular Wire of Net n_17  ( Metal2 )
Bounds : ( 53.685, 3.160 ) ( 53.740, 3.520 )


SHORT: ( Metal Short ) Regular Wire of Net n_16 & Regular Wire of Net i_b[1]  ( Metal2 )
Bounds : ( 54.260, 2.880 ) ( 54.340, 3.265 )


SHORT: ( Metal Short ) Regular Wire of Net i_b[1] & Regular Wire of Net n_16  ( Metal2 )
Bounds : ( 54.285, 2.880 ) ( 54.340, 3.290 )


SHORT: ( Metal Short ) Regular Wire of Net i_op[0] & Regular Wire of Net i_b[1]  ( Metal2 )
Bounds : ( 54.860, 3.830 ) ( 54.940, 4.150 )


SHORT: ( Metal Short ) Regular Wire of Net n_23 & Regular Wire of Net n_21  ( Metal2 )
Bounds : ( 55.260, 3.600 ) ( 55.340, 3.770 )


SHORT: ( Metal Short ) Regular Wire of Net n_21 & Regular Wire of Net n_23  ( Metal2 )
Bounds : ( 55.300, 3.575 ) ( 55.340, 3.770 )


SHORT: ( Metal Short ) Regular Wire of Net i_op[1] & Regular Wire of Net i_a[0]  ( Metal2 )
Bounds : ( 57.060, 3.640 ) ( 57.140, 4.340 )


SHORT: ( Metal Short ) Regular Wire of Net i_a[0] & Regular Wire of Net n_23  ( Metal3 )
Bounds : ( 55.035, 3.665 ) ( 55.365, 3.745 )


SPACING: ( ParallelRunLength Spacing ) Regular Wire of Net i_op[0] & Pin of Cell g3217__6131  ( Metal1 )
Bounds : ( 54.825, 3.650 ) ( 54.860, 3.720 )


SPACING: ( ParallelRunLength Spacing ) Regular Wire of Net n_23 & Pin of Cell g3191__6161  ( Metal1 )
Bounds : ( 55.405, 3.580 ) ( 55.460, 3.600 )


SPACING: ( ParallelRunLength Spacing ) Regular Wire of Net i_a[0] & Pin of Cell g3191__6161  ( Metal1 )
Bounds : ( 55.540, 3.460 ) ( 55.585, 3.500 )


SPACING: ( ParallelRunLength Spacing ) Regular Wire of Net n_47 & Pin of Cell g3191__6161  ( Metal1 )
Bounds : ( 56.365, 3.665 ) ( 56.410, 3.745 )


SPACING: ( ParallelRunLength Spacing ) Regular Wire of Net i_op[0] & Pin of Cell g3226__6417  ( Metal1 )
Bounds : ( 56.780, 3.665 ) ( 56.835, 3.745 )


SPACING: ( ParallelRunLength Spacing ) Regular Wire of Net n_16 & Regular Wire of Net n_17  ( Metal2 )
Bounds : ( 53.645, 3.415 ) ( 53.660, 3.545 )


SPACING: ( ParallelRunLength Spacing ) Regular Wire of Net i_b[1]  ( Metal2 )
Bounds : ( 54.245, 3.415 ) ( 54.260, 3.440 )


SPACING: ( ParallelRunLength Spacing ) Regular Wire of Net i_op[0] & Regular Wire of Net i_b[1]  ( Metal2 )
Bounds : ( 54.800, 3.615 ) ( 54.860, 3.745 )


SPACING: ( ParallelRunLength Spacing ) Regular Wire of Net n_16 & Regular Wire of Net n_23  ( Metal2 )
Bounds : ( 55.060, 3.580 ) ( 55.140, 3.640 )


SPACING: ( ParallelRunLength Spacing ) Regular Wire of Net i_a[0] & Regular Wire of Net n_38  ( Metal2 )
Bounds : ( 57.140, 2.825 ) ( 57.175, 2.955 )


SPACING: ( ParallelRunLength Spacing ) Regular Wire of Net n_38  ( Metal2 )
Bounds : ( 57.255, 2.930 ) ( 57.260, 2.955 )


MAR: ( Minimum Area ) Regular Wire of Net n_38  ( Metal2 )
Bounds : ( 51.435, 3.285 ) ( 51.565, 3.365 )


MAR: ( Minimum Area ) Regular Wire of Net n_72  ( Metal4 )
Bounds : ( 52.125, 3.475 ) ( 52.255, 3.555 )


SHORT: ( Metal Short ) Regular Wire of Net n_71 & Pin of Cell g3220__2346  ( Metal1 )
Bounds : ( 50.260, 3.425 ) ( 50.265, 3.505 )


SHORT: ( Metal Short ) Regular Wire of Net n_20 & Pin of Cell g3219__7482  ( Metal1 )
Bounds : ( 52.465, 3.440 ) ( 52.470, 3.520 )


SHORT: ( Metal Short ) Regular Wire of Net n_20 & Pin of Cell g3218__5115  ( Metal1 )
Bounds : ( 53.065, 3.440 ) ( 53.070, 3.520 )


SHORT: ( Metal Short ) Regular Wire of Net n_45 & Regular Wire of Net n_20  ( Metal2 )
Bounds : ( 52.460, 3.440 ) ( 52.540, 3.580 )


SHORT: ( Metal Short ) Regular Wire of Net n_21 & Regular Wire of Net n_20  ( Metal2 )
Bounds : ( 52.660, 3.450 ) ( 52.740, 3.600 )


SHORT: ( Metal Short ) Regular Wire of Net n_20 & Regular Wire of Net n_21  ( Metal2 )
Bounds : ( 52.730, 3.450 ) ( 52.740, 3.625 )


SHORT: ( Metal Short ) Regular Wire of Net n_44 & Regular Wire of Net n_20  ( Metal2 )
Bounds : ( 53.060, 3.440 ) ( 53.140, 3.580 )


SHORT: ( Metal Short ) Regular Wire of Net n_21 & Regular Wire of Net n_41  ( Metal3 )
Bounds : ( 50.835, 3.095 ) ( 51.365, 3.175 )


SHORT: ( Metal Short ) Regular Wire of Net n_20 & Regular Wire of Net n_72  ( Metal3 )
Bounds : ( 52.435, 3.475 ) ( 53.165, 3.555 )


EndOfLine: ( EndOfLine Spacing ) Regular Wire of Net n_39 & Pin of Cell g3201__6417  ( Metal1 )
Bounds : ( 50.845, 3.130 ) ( 50.880, 3.210 )


SPACING: ( ParallelRunLength Spacing ) Regular Wire of Net n_39 & Pin of Cell g3201__6417  ( Metal1 )
Bounds : ( 50.845, 3.130 ) ( 50.880, 3.210 )


SPACING: ( ParallelRunLength Spacing ) Regular Wire of Net n_41 & Pin of Cell g3201__6417  ( Metal1 )
Bounds : ( 51.140, 3.085 ) ( 51.145, 3.105 )


SPACING: ( ParallelRunLength Spacing ) Regular Wire of Net i_b[1] & Blockage of Cell g3201__6417  ( Metal1 )
Bounds : ( 51.805, 3.220 ) ( 51.840, 3.300 )


SPACING: ( ParallelRunLength Spacing ) Regular Wire of Net i_op[0] & Regular Wire of Net n_20  ( Metal1 )
Bounds : ( 52.235, 3.520 ) ( 52.270, 3.545 )


SPACING: ( ParallelRunLength Spacing ) Regular Wire of Net n_21 & Regular Wire of Net n_20  ( Metal1 )
Bounds : ( 52.835, 3.520 ) ( 52.870, 3.545 )


SPACING: ( ParallelRunLength Spacing ) Regular Wire of Net n_71  ( Metal2 )
Bounds : ( 50.140, 3.505 ) ( 50.160, 3.530 )


SPACING: ( ParallelRunLength Spacing ) Regular Wire of Net n_71 & Regular Wire of Net n_39  ( Metal2 )
Bounds : ( 50.240, 3.400 ) ( 50.260, 3.530 )


SPACING: ( ParallelRunLength Spacing ) Regular Wire of Net n_39 & Regular Wire of Net n_41  ( Metal2 )
Bounds : ( 50.820, 3.105 ) ( 50.860, 3.235 )


SPACING: ( ParallelRunLength Spacing ) Regular Wire of Net n_41  ( Metal2 )
Bounds : ( 51.245, 3.085 ) ( 51.260, 3.110 )


SPACING: ( ParallelRunLength Spacing ) Regular Wire of Net n_20 & Regular Wire of Net n_45  ( Metal2 )
Bounds : ( 52.445, 3.415 ) ( 52.460, 3.545 )


SPACING: ( ParallelRunLength Spacing ) Regular Wire of Net n_20 & Regular Wire of Net n_44  ( Metal2 )
Bounds : ( 53.045, 3.415 ) ( 53.060, 3.545 )


SPACING: ( ParallelRunLength Spacing ) Regular Wire of Net i_a[1] & Regular Wire of Net n_16  ( Metal1 )
Bounds : ( 53.435, 3.520 ) ( 53.470, 3.545 )


SPACING: ( ParallelRunLength Spacing ) Regular Wire of Net i_op[2] & Blockage of Cell g3226__6417  ( Metal1 )
Bounds : ( 57.565, 3.475 ) ( 57.600, 3.555 )


MAR: ( Minimum Area ) Regular Wire of Net i_a[0]  ( Metal2 )
Bounds : ( 47.035, 3.665 ) ( 47.165, 3.745 )


SHORT: ( Metal Short ) Regular Wire of Net n_45 & Pin of Cell g3211__6783  ( Metal1 )
Bounds : ( 47.460, 3.425 ) ( 47.465, 3.505 )


SHORT: ( Metal Short ) Regular Wire of Net n_45 & Regular Wire of Net n_44  ( Metal4 )
Bounds : ( 45.260, 3.830 ) ( 45.340, 4.150 )


SPACING: ( ParallelRunLength Spacing ) Regular Wire of Net n_52 & Pin of Cell g3187__5115  ( Metal1 )
Bounds : ( 45.450, 3.475 ) ( 45.465, 3.555 )


SPACING: ( ParallelRunLength Spacing ) Regular Wire of Net n_52  ( Metal2 )
Bounds : ( 45.340, 3.450 ) ( 45.345, 3.580 )


SPACING: ( ParallelRunLength Spacing ) Regular Wire of Net n_52  ( Metal2 )
Bounds : ( 45.425, 3.450 ) ( 45.460, 3.580 )


SPACING: ( ParallelRunLength Spacing ) Regular Wire of Net n_45  ( Metal2 )
Bounds : ( 47.340, 3.505 ) ( 47.360, 3.530 )


SPACING: ( ParallelRunLength Spacing ) Regular Wire of Net n_45 & Regular Wire of Net n_31  ( Metal2 )
Bounds : ( 47.440, 3.400 ) ( 47.460, 3.530 )


MAR: ( Minimum Area ) Regular Wire of Net i_a[1]  ( Metal2 )
Bounds : ( 43.435, 3.355 ) ( 43.620, 3.435 )


MAR: ( Minimum Area ) Regular Wire of Net n_44  ( Metal2 )
Bounds : ( 44.035, 3.600 ) ( 44.220, 3.680 )


MAR: ( Minimum Area ) Regular Wire of Net n_64  ( Metal2 )
Bounds : ( 44.835, 3.475 ) ( 44.965, 3.555 )


MAR: ( Minimum Area ) Regular Wire of Net i_a[1]  ( Metal3 )
Bounds : ( 43.435, 3.355 ) ( 43.565, 3.435 )


MAR: ( Minimum Area ) Regular Wire of Net n_44  ( Metal3 )
Bounds : ( 44.035, 3.600 ) ( 44.165, 3.680 )


MAR: ( Minimum Area ) Regular Wire of Net n_64  ( Metal3 )
Bounds : ( 44.835, 3.475 ) ( 44.965, 3.555 )


SHORT: ( Metal Short ) Regular Wire of Net i_a[3] & Regular Wire of Net n_46  ( Metal2 )
Bounds : ( 44.260, 3.450 ) ( 44.340, 3.770 )


SHORT: ( Metal Short ) Regular Wire of Net n_38 & Regular Wire of Net i_a[1]  ( Metal3 )
Bounds : ( 43.435, 3.355 ) ( 43.565, 3.365 )


SHORT: ( Metal Short ) Regular Wire of Net i_a[1] & Regular Wire of Net n_38  ( Metal3 )
Bounds : ( 43.460, 3.330 ) ( 43.540, 3.365 )


SHORT: ( Metal Short ) Regular Wire of Net i_a[3] & Regular Wire of Net n_44  ( Metal3 )
Bounds : ( 44.035, 3.665 ) ( 44.165, 3.680 )


SHORT: ( Metal Short ) Regular Wire of Net n_44 & Regular Wire of Net i_a[3]  ( Metal3 )
Bounds : ( 44.060, 3.665 ) ( 44.140, 3.705 )


SHORT: ( Metal Short ) Regular Wire of Net n_64 & Regular Wire of Net n_39  ( Metal3 )
Bounds : ( 44.835, 3.475 ) ( 44.965, 3.555 )


EndOfLine: ( EndOfLine Spacing ) Regular Wire of Net i_a[3] & Regular Wire of Net n_44  ( Metal1 )
Bounds : ( 44.245, 3.600 ) ( 44.260, 3.670 )


SPACING: ( ParallelRunLength Spacing ) Regular Wire of Net n_45 & Pin of Cell g3198__2346  ( Metal1 )
Bounds : ( 43.865, 3.750 ) ( 43.900, 3.790 )


SPACING: ( ParallelRunLength Spacing ) Regular Wire of Net n_45 & Pin of Cell g3198__2346  ( Metal1 )
Bounds : ( 43.865, 3.790 ) ( 43.920, 3.870 )


SPACING: ( ParallelRunLength Spacing ) Regular Wire of Net n_46 & Pin of Cell g3198__2346  ( Metal1 )
Bounds : ( 44.140, 3.175 ) ( 44.145, 3.195 )


SPACING: ( ParallelRunLength Spacing ) Regular Wire of Net n_44 & Regular Wire of Net i_a[3]  ( Metal1 )
Bounds : ( 44.235, 3.555 ) ( 44.245, 3.600 )


SPACING: ( ParallelRunLength Spacing ) Regular Wire of Net n_44 & Pin of Cell g3198__2346  ( Metal1 )
Bounds : ( 44.245, 3.600 ) ( 44.260, 3.670 )


SPACING: ( ParallelRunLength Spacing ) Regular Wire of Net n_45  ( Metal2 )
Bounds : ( 43.740, 3.870 ) ( 43.760, 3.895 )


SPACING: ( ParallelRunLength Spacing ) Regular Wire of Net n_44 & Regular Wire of Net n_46  ( Metal2 )
Bounds : ( 44.220, 3.575 ) ( 44.260, 3.705 )


SPACING: ( ParallelRunLength Spacing ) Regular Wire of Net n_46  ( Metal2 )
Bounds : ( 44.245, 3.175 ) ( 44.260, 3.200 )


SPACING: ( ParallelRunLength Spacing ) Regular Wire of Net n_38 & Regular Wire of Net n_39  ( Metal3 )
Bounds : ( 43.435, 3.435 ) ( 43.565, 3.475 )


SPACING: ( ParallelRunLength Spacing ) Regular Wire of Net n_39 & Regular Wire of Net n_44  ( Metal3 )
Bounds : ( 44.035, 3.555 ) ( 44.165, 3.600 )


SPACING: ( ParallelRunLength Spacing ) Regular Wire of Net n_38 & Pin of Cell g3204__6260  ( Metal1 )
Bounds : ( 41.430, 3.410 ) ( 41.470, 3.490 )


EndOfLine: ( EndOfLine Spacing ) Regular Wire of Net n_38 & Pin of Cell g3204__6260  ( Metal1 )
Bounds : ( 41.430, 3.410 ) ( 41.470, 3.490 )


MAR: ( Minimum Area ) Regular Wire of Net n_71  ( Metal4 )
Bounds : ( 42.035, 3.665 ) ( 42.165, 3.745 )


MAR: ( Minimum Area ) Regular Wire of Net n_2  ( Metal2 )
Bounds : ( 43.035, 3.665 ) ( 43.165, 3.745 )


MAR: ( Minimum Area ) Regular Wire of Net n_72  ( Metal2 )
Bounds : ( 42.635, 3.475 ) ( 42.765, 3.555 )


MAR: ( Minimum Area ) Regular Wire of Net n_54  ( Metal2 )
Bounds : ( 42.435, 3.855 ) ( 42.565, 3.935 )


MAR: ( Minimum Area ) Regular Wire of Net n_71  ( Metal2 )
Bounds : ( 42.035, 3.665 ) ( 42.165, 3.745 )


MAR: ( Minimum Area ) Regular Wire of Net n_71  ( Metal3 )
Bounds : ( 42.060, 3.640 ) ( 42.140, 3.770 )


MAR: ( Minimum Area ) Regular Wire of Net n_72  ( Metal3 )
Bounds : ( 42.660, 3.450 ) ( 42.740, 3.580 )


MAR: ( Minimum Area ) Regular Wire of Net n_72  ( Metal4 )
Bounds : ( 42.635, 3.475 ) ( 42.765, 3.555 )


SHORT: ( Metal Short ) Regular Wire of Net n_54 & Regular Wire of Net n_57  ( Metal2 )
Bounds : ( 42.460, 3.830 ) ( 42.540, 3.960 )


SHORT: ( Metal Short ) Regular Wire of Net n_56 & Regular Wire of Net n_72  ( Metal2 )
Bounds : ( 42.660, 3.475 ) ( 42.740, 3.555 )


SHORT: ( Metal Short ) Regular Wire of Net n_54 & Regular Wire of Net n_2  ( Metal3 )
Bounds : ( 42.035, 3.855 ) ( 42.565, 3.935 )


SHORT: ( Metal Short ) Regular Wire of Net i_a[3] & Regular Wire of Net n_71  ( Metal3 )
Bounds : ( 42.060, 3.665 ) ( 42.140, 3.745 )


SHORT: ( Metal Short ) Regular Wire of Net n_72 & Regular Wire of Net n_39  ( Metal3 )
Bounds : ( 42.660, 3.475 ) ( 42.740, 3.555 )


SHORT: ( Metal Short ) Regular Wire of Net i_a[3] & Regular Wire of Net n_2  ( Metal3 )
Bounds : ( 42.835, 3.665 ) ( 43.165, 3.745 )


EndOfLine: ( EndOfLine Spacing ) Regular Wire of Net n_35 & Pin of Cell g3186__1881  ( Metal1 )
Bounds : ( 41.670, 3.700 ) ( 41.730, 3.760 )


SPACING: ( ParallelRunLength Spacing ) Regular Wire of Net n_38 & Pin of Cell g3204__6260  ( Metal1 )
Bounds : ( 41.330, 3.360 ) ( 41.430, 3.410 )


SPACING: ( ParallelRunLength Spacing ) Regular Wire of Net n_57 & Blockage of Cell g3186__1881  ( Metal1 )
Bounds : ( 42.505, 2.965 ) ( 42.635, 3.015 )


SPACING: ( ParallelRunLength Spacing ) Regular Wire of Net n_57 & Regular Wire of Net n_56  ( Metal2 )
Bounds : ( 42.610, 2.990 ) ( 42.660, 3.120 )


SHORT: ( Metal Short ) Regular Wire of Net n_52 & Regular Wire of Net n_39  ( Metal3 )
Bounds : ( 45.235, 3.475 ) ( 45.565, 3.555 )


SPACING: ( ParallelRunLength Spacing ) Regular Wire of Net n_34 & Pin of Cell g3202__4319  ( Metal1 )
Bounds : ( 37.340, 3.085 ) ( 37.345, 3.105 )


SHORT: ( Metal Short ) Regular Wire of Net i_b[3] & Regular Wire of Net i_op[0]  ( Metal2 )
Bounds : ( 38.660, 3.640 ) ( 38.740, 4.150 )


MAR: ( Minimum Area ) Regular Wire of Net n_39  ( Metal2 )
Bounds : ( 40.435, 3.475 ) ( 40.565, 3.555 )


MAR: ( Minimum Area ) Regular Wire of Net i_op[0]  ( Metal2 )
Bounds : ( 39.460, 3.640 ) ( 39.600, 3.745 )


MAR: ( Minimum Area ) Regular Wire of Net n_19  ( Metal2 )
Bounds : ( 39.035, 3.600 ) ( 39.180, 3.680 )


MAR: ( Minimum Area ) Regular Wire of Net n_12  ( Metal2 )
Bounds : ( 38.835, 3.475 ) ( 38.965, 3.555 )


MAR: ( Minimum Area ) Regular Wire of Net n_38  ( Metal2 )
Bounds : ( 37.635, 3.285 ) ( 37.765, 3.365 )


MAR: ( Minimum Area ) Regular Wire of Net n_19  ( Metal3 )
Bounds : ( 39.035, 3.600 ) ( 39.165, 3.680 )


CUTSPACING: ( Same Layer Cut Spacing ) Regular Wire of Net n_12 & Regular Wire of Net n_19  ( Via2 )
Bounds : ( 39.065, 3.550 ) ( 39.135, 3.605 )


SHORT: ( Metal Short ) Regular Wire of Net n_12 & Regular Wire of Net i_b[3]  ( Metal2 )
Bounds : ( 38.860, 3.450 ) ( 38.940, 3.580 )


SHORT: ( Metal Short ) Regular Wire of Net n_19 & Regular Wire of Net n_12  ( Metal2 )
Bounds : ( 39.060, 3.600 ) ( 39.140, 3.680 )


SHORT: ( Metal Short ) Regular Wire of Net n_12 & Regular Wire of Net n_19  ( Metal2 )
Bounds : ( 39.100, 3.575 ) ( 39.140, 3.705 )


SHORT: ( Metal Short ) Regular Wire of Net i_op[0] & Regular Wire of Net i_a[3]  ( Metal3 )
Bounds : ( 38.635, 3.665 ) ( 39.565, 3.745 )


SHORT: ( Metal Short ) Regular Wire of Net n_12 & Regular Wire of Net n_39  ( Metal3 )
Bounds : ( 38.835, 3.475 ) ( 39.165, 3.555 )


EndOfLine: ( EndOfLine Spacing ) Regular Wire of Net n_39 & Pin of Cell g3202__4319  ( Metal1 )
Bounds : ( 37.045, 3.130 ) ( 37.080, 3.210 )


EndOfLine: ( EndOfLine Spacing ) Regular Wire of Net i_b[2] & Pin of Cell g3204__6260  ( Metal1 )
Bounds : ( 40.840, 3.215 ) ( 40.845, 3.245 )


SPACING: ( ParallelRunLength Spacing ) Regular Wire of Net n_39 & Pin of Cell g3202__4319  ( Metal1 )
Bounds : ( 37.045, 3.130 ) ( 37.080, 3.210 )


SPACING: ( ParallelRunLength Spacing ) Regular Wire of Net i_b[3] & Blockage of Cell g3202__4319  ( Metal1 )
Bounds : ( 38.005, 3.220 ) ( 38.040, 3.300 )


SPACING: ( ParallelRunLength Spacing ) Regular Wire of Net i_op[0] & Pin of Cell g3222__4733  ( Metal1 )
Bounds : ( 38.625, 3.650 ) ( 38.660, 3.720 )


SPACING: ( ParallelRunLength Spacing ) Regular Wire of Net n_19 & Pin of Cell g3215__8246  ( Metal1 )
Bounds : ( 39.205, 3.600 ) ( 39.260, 3.680 )


SPACING: ( ParallelRunLength Spacing ) Regular Wire of Net i_op[0] & Pin of Cell g3215__8246  ( Metal1 )
Bounds : ( 39.625, 3.650 ) ( 39.660, 3.720 )


SPACING: ( ParallelRunLength Spacing ) Regular Wire of Net n_25 & Blockage of Cell g3204__6260  ( Metal1 )
Bounds : ( 40.205, 3.600 ) ( 40.255, 3.680 )


SPACING: ( ParallelRunLength Spacing ) Regular Wire of Net i_b[2] & Blockage of Cell g3204__6260  ( Metal1 )
Bounds : ( 40.840, 3.215 ) ( 40.845, 3.245 )


SPACING: ( ParallelRunLength Spacing ) Regular Wire of Net n_34  ( Metal2 )
Bounds : ( 37.445, 3.085 ) ( 37.460, 3.110 )


SPACING: ( ParallelRunLength Spacing ) Regular Wire of Net i_op[0]  ( Metal2 )
Bounds : ( 38.600, 3.615 ) ( 38.660, 3.745 )


SPACING: ( ParallelRunLength Spacing ) Regular Wire of Net n_12 & Regular Wire of Net i_op[0]  ( Metal3 )
Bounds : ( 39.035, 3.555 ) ( 39.165, 3.600 )


MAR: ( Minimum Area ) Regular Wire of Net n_61  ( Metal2 )
Bounds : ( 36.660, 3.070 ) ( 36.780, 3.175 )


MAR: ( Minimum Area ) Regular Wire of Net n_71  ( Metal2 )
Bounds : ( 36.435, 3.665 ) ( 36.565, 3.745 )


MAR: ( Minimum Area ) Regular Wire of Net n_72  ( Metal2 )
Bounds : ( 36.035, 3.230 ) ( 36.165, 3.310 )


MAR: ( Minimum Area ) Regular Wire of Net n_34  ( Metal2 )
Bounds : ( 35.435, 4.045 ) ( 35.565, 4.125 )


MAR: ( Minimum Area ) Regular Wire of Net n_72  ( Metal3 )
Bounds : ( 36.035, 3.230 ) ( 36.165, 3.310 )


MAR: ( Minimum Area ) Regular Wire of Net n_71  ( Metal3 )
Bounds : ( 36.460, 3.640 ) ( 36.540, 3.770 )


MAR: ( Minimum Area ) Regular Wire of Net n_71  ( Metal4 )
Bounds : ( 36.435, 3.665 ) ( 36.565, 3.745 )


SHORT: ( Metal Short ) Regular Wire of Net n_72 & Regular Wire of Net n_38  ( Metal3 )
Bounds : ( 36.035, 3.285 ) ( 36.165, 3.310 )


SHORT: ( Metal Short ) Regular Wire of Net n_38 & Regular Wire of Net n_72  ( Metal3 )
Bounds : ( 36.060, 3.285 ) ( 36.140, 3.335 )


EndOfLine: ( EndOfLine Spacing ) Regular Wire of Net n_60 & Blockage of Cell g3183__8246  ( Metal1 )
Bounds : ( 35.825, 3.270 ) ( 35.880, 3.310 )


SPACING: ( ParallelRunLength Spacing ) Regular Wire of Net n_61 & Pin of Cell g3181__1705  ( Metal1 )
Bounds : ( 34.850, 3.475 ) ( 34.865, 3.555 )


SPACING: ( ParallelRunLength Spacing ) Regular Wire of Net n_60 & Pin of Cell g3183__8246  ( Metal1 )
Bounds : ( 35.825, 3.270 ) ( 35.880, 3.310 )


SPACING: ( ParallelRunLength Spacing ) Regular Wire of Net n_72 & Pin of Cell g3183__8246  ( Metal1 )
Bounds : ( 36.160, 3.230 ) ( 36.195, 3.310 )


SPACING: ( ParallelRunLength Spacing ) Regular Wire of Net n_13 & Pin of Cell g3183__8246  ( Metal1 )
Bounds : ( 36.405, 3.410 ) ( 36.440, 3.490 )


SPACING: ( ParallelRunLength Spacing ) Regular Wire of Net n_61  ( Metal2 )
Bounds : ( 34.740, 3.450 ) ( 34.745, 3.475 )


SPACING: ( ParallelRunLength Spacing ) Regular Wire of Net n_61 & Regular Wire of Net n_72  ( Metal3 )
Bounds : ( 36.035, 3.175 ) ( 36.165, 3.230 )


MAR: ( Minimum Area ) Regular Wire of Net n_44  ( Metal2 )
Bounds : ( 29.635, 3.665 ) ( 29.765, 3.745 )


SHORT: ( Cut Short ) Regular Wire of Net n_42 & Regular Wire of Net i_a[5]  ( Via2 )
Bounds : ( 29.265, 3.100 ) ( 29.335, 3.170 )


SHORT: ( Metal Short ) Regular Wire of Net n_42 & Regular Wire of Net i_a[5]  ( Metal2 )
Bounds : ( 29.260, 3.070 ) ( 29.340, 3.200 )


SHORT: ( Metal Short ) Regular Wire of Net n_44 & Regular Wire of Net n_64  ( Metal3 )
Bounds : ( 29.035, 3.665 ) ( 29.765, 3.745 )


EndOfLine: ( EndOfLine Spacing ) Regular Wire of Net i_a[5] & Regular Wire of Net n_44  ( Metal1 )
Bounds : ( 29.245, 3.600 ) ( 29.260, 3.670 )


SPACING: ( ParallelRunLength Spacing ) Regular Wire of Net n_45 & Pin of Cell g3196__7410  ( Metal1 )
Bounds : ( 28.865, 3.750 ) ( 28.900, 3.790 )


SPACING: ( ParallelRunLength Spacing ) Regular Wire of Net n_45 & Pin of Cell g3196__7410  ( Metal1 )
Bounds : ( 28.865, 3.790 ) ( 28.920, 3.870 )


SPACING: ( ParallelRunLength Spacing ) Regular Wire of Net n_42 & Pin of Cell g3196__7410  ( Metal1 )
Bounds : ( 29.140, 3.175 ) ( 29.145, 3.195 )


SPACING: ( ParallelRunLength Spacing ) Regular Wire of Net n_44 & Regular Wire of Net i_a[5]  ( Metal1 )
Bounds : ( 29.235, 3.555 ) ( 29.245, 3.600 )


SPACING: ( ParallelRunLength Spacing ) Regular Wire of Net n_44 & Pin of Cell g3196__7410  ( Metal1 )
Bounds : ( 29.245, 3.600 ) ( 29.260, 3.670 )


SPACING: ( ParallelRunLength Spacing ) Regular Wire of Net n_44 & Regular Wire of Net i_a[5]  ( Metal2 )
Bounds : ( 29.220, 3.575 ) ( 29.260, 3.580 )


SPACING: ( ParallelRunLength Spacing ) Regular Wire of Net n_44 & Regular Wire of Net i_a[5]  ( Metal2 )
Bounds : ( 29.220, 3.580 ) ( 29.260, 3.600 )


SPACING: ( ParallelRunLength Spacing ) Regular Wire of Net n_42 & Regular Wire of Net i_a[5]  ( Metal2 )
Bounds : ( 29.245, 3.070 ) ( 29.260, 3.200 )


SPACING: ( ParallelRunLength Spacing ) Regular Wire of Net n_64 & Regular Wire of Net i_a[3]  ( Metal3 )
Bounds : ( 28.635, 3.745 ) ( 28.765, 3.790 )


MAR: ( Minimum Area ) Regular Wire of Net i_a[4]  ( Metal2 )
Bounds : ( 28.035, 3.665 ) ( 28.165, 3.745 )


MAR: ( Minimum Area ) Regular Wire of Net n_71  ( Metal2 )
Bounds : ( 27.035, 3.665 ) ( 27.165, 3.745 )


MAR: ( Minimum Area ) Regular Wire of Net n_72  ( Metal2 )
Bounds : ( 27.635, 3.475 ) ( 27.765, 3.555 )


MAR: ( Minimum Area ) Regular Wire of Net n_71  ( Metal3 )
Bounds : ( 27.060, 3.640 ) ( 27.140, 3.770 )


MAR: ( Minimum Area ) Regular Wire of Net n_72  ( Metal3 )
Bounds : ( 27.660, 3.450 ) ( 27.740, 3.580 )


MAR: ( Minimum Area ) Regular Wire of Net n_45  ( Metal3 )
Bounds : ( 28.635, 3.790 ) ( 28.765, 3.870 )


MAR: ( Minimum Area ) Regular Wire of Net n_71  ( Metal4 )
Bounds : ( 27.035, 3.665 ) ( 27.165, 3.745 )


MAR: ( Minimum Area ) Regular Wire of Net n_72  ( Metal4 )
Bounds : ( 27.635, 3.475 ) ( 27.765, 3.555 )


SHORT: ( Metal Short ) Regular Wire of Net n_42 & Regular Wire of Net n_45  ( Metal2 )
Bounds : ( 28.660, 3.790 ) ( 28.740, 3.870 )


SHORT: ( Metal Short ) Regular Wire of Net n_64 & Regular Wire of Net n_71  ( Metal3 )
Bounds : ( 27.060, 3.665 ) ( 27.140, 3.745 )


SHORT: ( Metal Short ) Regular Wire of Net n_67 & Regular Wire of Net i_a[5]  ( Metal3 )
Bounds : ( 27.435, 3.095 ) ( 27.965, 3.175 )


SHORT: ( Metal Short ) Regular Wire of Net n_64 & Regular Wire of Net i_a[4]  ( Metal3 )
Bounds : ( 27.635, 3.665 ) ( 28.165, 3.745 )


SHORT: ( Metal Short ) Regular Wire of Net n_39 & Regular Wire of Net n_72  ( Metal3 )
Bounds : ( 27.660, 3.475 ) ( 27.740, 3.555 )


SHORT: ( Metal Short ) Regular Wire of Net i_a[3] & Regular Wire of Net n_45  ( Metal3 )
Bounds : ( 28.635, 3.855 ) ( 28.765, 3.870 )


SHORT: ( Metal Short ) Regular Wire of Net n_45 & Regular Wire of Net i_a[3]  ( Metal3 )
Bounds : ( 28.660, 3.855 ) ( 28.740, 3.895 )


SPACING: ( ParallelRunLength Spacing ) Regular Wire of Net n_67 & Blockage of Cell g3180__2802  ( Metal1 )
Bounds : ( 27.505, 2.965 ) ( 27.635, 3.015 )


SPACING: ( ParallelRunLength Spacing ) Regular Wire of Net i_a[3] & Regular Wire of Net n_42  ( Metal2 )
Bounds : ( 28.620, 3.330 ) ( 28.660, 3.460 )


SPACING: ( ParallelRunLength Spacing ) Regular Wire of Net n_45  ( Metal2 )
Bounds : ( 28.740, 3.765 ) ( 28.760, 3.895 )


SPACING: ( ParallelRunLength Spacing ) Regular Wire of Net n_38 & Pin of Cell g3205__5107  ( Metal1 )
Bounds : ( 26.030, 3.410 ) ( 26.070, 3.490 )


MAR: ( Minimum Area ) Regular Wire of Net n_39  ( Metal2 )
Bounds : ( 25.035, 3.475 ) ( 25.165, 3.555 )


SHORT: ( Metal Short ) Regular Wire of Net i_b[4] & Regular Wire of Net n_18  ( Metal2 )
Bounds : ( 24.700, 3.575 ) ( 24.740, 3.770 )


EndOfLine: ( EndOfLine Spacing ) Regular Wire of Net i_b[4] & Pin of Cell g3205__5107  ( Metal1 )
Bounds : ( 25.440, 3.215 ) ( 25.445, 3.245 )


EndOfLine: ( EndOfLine Spacing ) Regular Wire of Net n_38 & Pin of Cell g3205__5107  ( Metal1 )
Bounds : ( 26.030, 3.410 ) ( 26.070, 3.490 )


SPACING: ( ParallelRunLength Spacing ) Regular Wire of Net n_18 & Blockage of Cell g3205__5107  ( Metal1 )
Bounds : ( 24.805, 3.600 ) ( 24.855, 3.680 )


SPACING: ( ParallelRunLength Spacing ) Regular Wire of Net i_b[4] & Blockage of Cell g3205__5107  ( Metal1 )
Bounds : ( 25.440, 3.215 ) ( 25.445, 3.245 )


SPACING: ( ParallelRunLength Spacing ) Regular Wire of Net n_38 & Pin of Cell g3205__5107  ( Metal1 )
Bounds : ( 25.930, 3.360 ) ( 26.030, 3.410 )


SPACING: ( ParallelRunLength Spacing ) Regular Wire of Net n_36 & Regular Wire of Net n_6  ( Metal1 )
Bounds : ( 26.205, 3.745 ) ( 26.235, 3.760 )


SPACING: ( ParallelRunLength Spacing ) Regular Wire of Net n_36 & Pin of Cell g3228  ( Metal1 )
Bounds : ( 26.205, 3.760 ) ( 26.255, 3.780 )


SHORT: ( Metal Short ) Regular Wire of Net n_66 & Regular Wire of Net n_39  ( Metal3 )
Bounds : ( 26.635, 3.475 ) ( 27.365, 3.555 )


MAR: ( Minimum Area ) Regular Wire of Net n_66  ( Metal2 )
Bounds : ( 26.635, 3.475 ) ( 26.765, 3.555 )


SHORT: ( Metal Short ) Regular Wire of Net i_a[5] & Regular Wire of Net n_42  ( Metal3 )
Bounds : ( 28.635, 3.095 ) ( 29.365, 3.175 )


SPACING: ( ParallelRunLength Spacing ) Regular Wire of Net n_38 & Regular Wire of Net n_45  ( Metal3 )
Bounds : ( 23.435, 3.365 ) ( 23.565, 3.425 )


MAR: ( Minimum Area ) Regular Wire of Net n_38  ( Metal2 )
Bounds : ( 22.635, 3.285 ) ( 22.765, 3.365 )


MAR: ( Minimum Area ) Regular Wire of Net i_b[4]  ( Metal2 )
Bounds : ( 24.235, 4.045 ) ( 24.365, 4.125 )


MAR: ( Minimum Area ) Regular Wire of Net n_45  ( Metal3 )
Bounds : ( 23.435, 3.425 ) ( 23.565, 3.505 )


SHORT: ( Metal Short ) Regular Wire of Net n_45 & Pin of Cell g3212__3680  ( Metal1 )
Bounds : ( 23.660, 3.425 ) ( 23.665, 3.505 )


SHORT: ( Metal Short ) Regular Wire of Net i_b[4] & Regular Wire of Net n_18  ( Metal2 )
Bounds : ( 24.260, 4.020 ) ( 24.340, 4.150 )


SHORT: ( Metal Short ) Regular Wire of Net n_45 & Regular Wire of Net n_39  ( Metal3 )
Bounds : ( 23.435, 3.475 ) ( 23.565, 3.505 )


SHORT: ( Metal Short ) Regular Wire of Net n_39 & Regular Wire of Net n_45  ( Metal3 )
Bounds : ( 23.460, 3.475 ) ( 23.540, 3.530 )


SPACING: ( ParallelRunLength Spacing ) Regular Wire of Net i_b[5] & Blockage of Cell g3207__8428  ( Metal1 )
Bounds : ( 23.005, 3.220 ) ( 23.040, 3.300 )


SPACING: ( ParallelRunLength Spacing ) Regular Wire of Net n_30 & Pin of Cell g3223__6161  ( Metal1 )
Bounds : ( 23.805, 3.760 ) ( 23.860, 3.765 )


SPACING: ( ParallelRunLength Spacing ) Regular Wire of Net n_30 & Pin of Cell g3223__6161  ( Metal1 )
Bounds : ( 23.805, 3.765 ) ( 23.860, 3.770 )


SPACING: ( ParallelRunLength Spacing ) Regular Wire of Net i_op[0] & Pin of Cell g3223__6161  ( Metal1 )
Bounds : ( 24.225, 3.650 ) ( 24.260, 3.720 )


SPACING: ( ParallelRunLength Spacing ) Regular Wire of Net i_op[0] & Regular Wire of Net n_18  ( Metal2 )
Bounds : ( 24.200, 3.640 ) ( 24.260, 3.745 )


SPACING: ( ParallelRunLength Spacing ) Regular Wire of Net n_33  ( Metal2 )
Bounds : ( 22.445, 3.085 ) ( 22.460, 3.110 )


SHORT: ( Metal Short ) Regular Wire of Net n_72 & Regular Wire of Net n_38  ( Metal3 )
Bounds : ( 21.060, 3.285 ) ( 21.140, 3.335 )


MAR: ( Minimum Area ) Regular Wire of Net n_72  ( Metal2 )
Bounds : ( 21.035, 3.230 ) ( 21.165, 3.310 )


MAR: ( Minimum Area ) Regular Wire of Net n_71  ( Metal2 )
Bounds : ( 21.435, 3.665 ) ( 21.565, 3.745 )


MAR: ( Minimum Area ) Regular Wire of Net n_72  ( Metal3 )
Bounds : ( 21.035, 3.230 ) ( 21.165, 3.310 )


MAR: ( Minimum Area ) Regular Wire of Net n_71  ( Metal3 )
Bounds : ( 21.460, 3.640 ) ( 21.540, 3.770 )


MAR: ( Minimum Area ) Regular Wire of Net n_71  ( Metal4 )
Bounds : ( 21.435, 3.665 ) ( 21.565, 3.745 )


SHORT: ( Metal Short ) Regular Wire of Net n_39 & Regular Wire of Net i_a[5]  ( Metal2 )
Bounds : ( 21.860, 3.130 ) ( 21.940, 3.580 )


SHORT: ( Metal Short ) Regular Wire of Net n_39 & Regular Wire of Net i_a[5]  ( Metal2 )
Bounds : ( 21.940, 3.105 ) ( 21.940, 3.235 )


SHORT: ( Metal Short ) Regular Wire of Net n_38 & Regular Wire of Net n_72  ( Metal3 )
Bounds : ( 21.035, 3.285 ) ( 21.165, 3.310 )


SHORT: ( Metal Short ) Regular Wire of Net n_64 & Regular Wire of Net n_71  ( Metal3 )
Bounds : ( 21.460, 3.665 ) ( 21.540, 3.745 )


EndOfLine: ( EndOfLine Spacing ) Regular Wire of Net n_70 & Blockage of Cell g3177__6783  ( Metal1 )
Bounds : ( 20.825, 3.270 ) ( 20.880, 3.310 )


EndOfLine: ( EndOfLine Spacing ) Regular Wire of Net n_39 & Pin of Cell g3207__8428  ( Metal1 )
Bounds : ( 22.045, 3.130 ) ( 22.080, 3.210 )


SPACING: ( ParallelRunLength Spacing ) Regular Wire of Net n_70 & Pin of Cell g3177__6783  ( Metal1 )
Bounds : ( 20.825, 3.270 ) ( 20.880, 3.310 )


SPACING: ( ParallelRunLength Spacing ) Regular Wire of Net n_72 & Pin of Cell g3177__6783  ( Metal1 )
Bounds : ( 21.160, 3.230 ) ( 21.195, 3.310 )


SPACING: ( ParallelRunLength Spacing ) Regular Wire of Net n_15 & Pin of Cell g3177__6783  ( Metal1 )
Bounds : ( 21.405, 3.410 ) ( 21.440, 3.490 )


SPACING: ( ParallelRunLength Spacing ) Regular Wire of Net n_39 & Pin of Cell g3207__8428  ( Metal1 )
Bounds : ( 22.045, 3.130 ) ( 22.080, 3.210 )


SPACING: ( ParallelRunLength Spacing ) Regular Wire of Net n_33 & Pin of Cell g3207__8428  ( Metal1 )
Bounds : ( 22.340, 3.085 ) ( 22.345, 3.105 )


SPACING: ( ParallelRunLength Spacing ) Regular Wire of Net n_73 & Pin of Cell g3175__8428  ( Metal1 )
Bounds : ( 19.850, 3.475 ) ( 19.865, 3.555 )


SPACING: ( ParallelRunLength Spacing ) Regular Wire of Net n_73  ( Metal2 )
Bounds : ( 19.740, 3.450 ) ( 19.745, 3.475 )


SHORT: ( Metal Short ) Regular Wire of Net n_18 & Regular Wire of Net i_b[4]  ( Metal2 )
Bounds : ( 24.660, 3.600 ) ( 24.740, 3.770 )


MAR: ( Minimum Area ) Regular Wire of Net n_18  ( Metal2 )
Bounds : ( 24.660, 3.600 ) ( 24.780, 3.705 )


SHORT: ( Metal Short ) Regular Wire of Net n_18 & Regular Wire of Net n_64  ( Metal3 )
Bounds : ( 24.235, 3.665 ) ( 24.765, 3.745 )


SPACING: ( ParallelRunLength Spacing ) Regular Wire of Net n_79 & Pin of Cell g3172__5107  ( Metal1 )
Bounds : ( 14.250, 3.475 ) ( 14.265, 3.555 )


MAR: ( Minimum Area ) Regular Wire of Net n_37  ( Metal2 )
Bounds : ( 13.635, 3.475 ) ( 13.765, 3.555 )


MAR: ( Minimum Area ) Regular Wire of Net n_44  ( Metal2 )
Bounds : ( 15.035, 3.600 ) ( 15.220, 3.680 )


MAR: ( Minimum Area ) Regular Wire of Net n_45  ( Metal3 )
Bounds : ( 14.635, 3.790 ) ( 14.765, 3.870 )


MAR: ( Minimum Area ) Regular Wire of Net n_44  ( Metal3 )
Bounds : ( 15.035, 3.600 ) ( 15.165, 3.680 )


SHORT: ( Metal Short ) Regular Wire of Net n_37 & Regular Wire of Net n_39  ( Metal3 )
Bounds : ( 13.235, 3.475 ) ( 13.765, 3.555 )


SHORT: ( Metal Short ) Regular Wire of Net n_45 & Regular Wire of Net i_a[5]  ( Metal3 )
Bounds : ( 14.635, 3.855 ) ( 14.765, 3.870 )


SHORT: ( Metal Short ) Regular Wire of Net i_a[5] & Regular Wire of Net n_45  ( Metal3 )
Bounds : ( 14.660, 3.855 ) ( 14.740, 3.895 )


SHORT: ( Metal Short ) Regular Wire of Net i_a[7] & Regular Wire of Net n_44  ( Metal3 )
Bounds : ( 15.035, 3.665 ) ( 15.165, 3.680 )


SHORT: ( Metal Short ) Regular Wire of Net n_44 & Regular Wire of Net i_a[7]  ( Metal3 )
Bounds : ( 15.060, 3.665 ) ( 15.140, 3.705 )


EndOfLine: ( EndOfLine Spacing ) Regular Wire of Net i_b[6] & Pin of Cell g3206__2398  ( Metal1 )
Bounds : ( 12.640, 3.215 ) ( 12.645, 3.245 )


EndOfLine: ( EndOfLine Spacing ) Regular Wire of Net n_38 & Pin of Cell g3206__2398  ( Metal1 )
Bounds : ( 13.230, 3.410 ) ( 13.270, 3.490 )


EndOfLine: ( EndOfLine Spacing ) Regular Wire of Net i_a[7] & Regular Wire of Net n_44  ( Metal1 )
Bounds : ( 15.245, 3.600 ) ( 15.260, 3.670 )


SPACING: ( ParallelRunLength Spacing ) Regular Wire of Net i_b[6] & Blockage of Cell g3206__2398  ( Metal1 )
Bounds : ( 12.640, 3.215 ) ( 12.645, 3.245 )


SPACING: ( ParallelRunLength Spacing ) Regular Wire of Net n_38 & Pin of Cell g3206__2398  ( Metal1 )
Bounds : ( 13.130, 3.360 ) ( 13.230, 3.410 )


SPACING: ( ParallelRunLength Spacing ) Regular Wire of Net n_38 & Pin of Cell g3206__2398  ( Metal1 )
Bounds : ( 13.230, 3.410 ) ( 13.270, 3.490 )


SPACING: ( ParallelRunLength Spacing ) Regular Wire of Net n_45 & Pin of Cell g3197__1666  ( Metal1 )
Bounds : ( 14.865, 3.750 ) ( 14.900, 3.790 )


SPACING: ( ParallelRunLength Spacing ) Regular Wire of Net n_45 & Pin of Cell g3197__1666  ( Metal1 )
Bounds : ( 14.865, 3.790 ) ( 14.920, 3.870 )


SPACING: ( ParallelRunLength Spacing ) Regular Wire of Net n_43 & Pin of Cell g3197__1666  ( Metal1 )
Bounds : ( 15.140, 3.175 ) ( 15.145, 3.195 )


SPACING: ( ParallelRunLength Spacing ) Regular Wire of Net n_44 & Regular Wire of Net i_a[7]  ( Metal1 )
Bounds : ( 15.235, 3.555 ) ( 15.245, 3.600 )


SPACING: ( ParallelRunLength Spacing ) Regular Wire of Net n_44 & Pin of Cell g3197__1666  ( Metal1 )
Bounds : ( 15.245, 3.600 ) ( 15.260, 3.670 )


SPACING: ( ParallelRunLength Spacing ) Regular Wire of Net n_38 & Regular Wire of Net n_37  ( Metal2 )
Bounds : ( 13.205, 3.450 ) ( 13.260, 3.515 )


SPACING: ( ParallelRunLength Spacing ) Regular Wire of Net n_79  ( Metal2 )
Bounds : ( 14.140, 3.555 ) ( 14.145, 3.580 )


SPACING: ( ParallelRunLength Spacing ) Regular Wire of Net n_44 & Regular Wire of Net i_a[7]  ( Metal2 )
Bounds : ( 15.220, 3.575 ) ( 15.260, 3.705 )


SPACING: ( ParallelRunLength Spacing ) Regular Wire of Net n_43  ( Metal2 )
Bounds : ( 15.245, 3.070 ) ( 15.260, 3.095 )


SPACING: ( ParallelRunLength Spacing ) Regular Wire of Net i_a[7] & Regular Wire of Net i_a[5]  ( Metal3 )
Bounds : ( 14.635, 3.745 ) ( 14.765, 3.790 )


SPACING: ( ParallelRunLength Spacing ) Regular Wire of Net n_39 & Regular Wire of Net i_a[7]  ( Metal3 )
Bounds : ( 15.035, 3.555 ) ( 15.165, 3.600 )


MAR: ( Minimum Area ) Regular Wire of Net n_38  ( Metal2 )
Bounds : ( 11.035, 3.285 ) ( 11.165, 3.365 )


SHORT: ( Cut Short ) Regular Wire of Net i_b[6] & Regular Wire of Net i_op[0]  ( Via2 )
Bounds : ( 8.865, 3.480 ) ( 8.935, 3.550 )


SHORT: ( Metal Short ) Regular Wire of Net i_b[6] & Pin of Cell g3232__5477  ( Metal1 )
Bounds : ( 8.665, 3.440 ) ( 8.670, 3.520 )


SHORT: ( Metal Short ) Regular Wire of Net n_4 & Regular Wire of Net i_b[6]  ( Metal2 )
Bounds : ( 8.660, 3.440 ) ( 8.740, 3.580 )


SHORT: ( Metal Short ) Regular Wire of Net i_b[6] & Regular Wire of Net i_op[0]  ( Metal2 )
Bounds : ( 8.860, 3.260 ) ( 8.940, 3.580 )


SHORT: ( Metal Short ) Regular Wire of Net i_b[6] & Regular Wire of Net i_op[0]  ( Metal3 )
Bounds : ( 8.635, 3.475 ) ( 8.965, 3.555 )


EndOfLine: ( EndOfLine Spacing ) Regular Wire of Net n_39 & Pin of Cell g3203__5477  ( Metal1 )
Bounds : ( 10.445, 3.130 ) ( 10.480, 3.210 )


SPACING: ( ParallelRunLength Spacing ) Regular Wire of Net i_op[0] & Regular Wire of Net i_b[6]  ( Metal1 )
Bounds : ( 8.435, 3.520 ) ( 8.470, 3.545 )


SPACING: ( ParallelRunLength Spacing ) Regular Wire of Net n_4 & Regular Wire of Net i_op[0]  ( Metal1 )
Bounds : ( 8.790, 3.265 ) ( 8.835, 3.285 )


SPACING: ( ParallelRunLength Spacing ) Regular Wire of Net n_71 & Pin of Cell g3213__5122  ( Metal1 )
Bounds : ( 9.650, 3.475 ) ( 9.665, 3.555 )


SPACING: ( ParallelRunLength Spacing ) Regular Wire of Net n_26 & Pin of Cell g3245  ( Metal1 )
Bounds : ( 9.810, 2.880 ) ( 9.855, 2.895 )


SPACING: ( ParallelRunLength Spacing ) Regular Wire of Net n_39 & Pin of Cell g3203__5477  ( Metal1 )
Bounds : ( 10.445, 3.130 ) ( 10.480, 3.210 )


SPACING: ( ParallelRunLength Spacing ) Regular Wire of Net n_40 & Pin of Cell g3203__5477  ( Metal1 )
Bounds : ( 10.740, 3.085 ) ( 10.745, 3.105 )


SPACING: ( ParallelRunLength Spacing ) Regular Wire of Net i_b[7] & Blockage of Cell g3203__5477  ( Metal1 )
Bounds : ( 11.405, 3.220 ) ( 11.440, 3.300 )


SPACING: ( ParallelRunLength Spacing ) Regular Wire of Net i_b[6] & Regular Wire of Net n_4  ( Metal2 )
Bounds : ( 8.645, 3.415 ) ( 8.660, 3.545 )


SPACING: ( ParallelRunLength Spacing ) Regular Wire of Net n_71  ( Metal2 )
Bounds : ( 9.540, 3.555 ) ( 9.545, 3.580 )


SPACING: ( ParallelRunLength Spacing ) Regular Wire of Net n_40  ( Metal2 )
Bounds : ( 10.740, 3.070 ) ( 10.765, 3.110 )


SPACING: ( ParallelRunLength Spacing ) Regular Wire of Net n_40  ( Metal2 )
Bounds : ( 10.845, 3.085 ) ( 10.860, 3.110 )


MAR: ( Minimum Area ) Regular Wire of Net n_39  ( Metal2 )
Bounds : ( 12.235, 3.475 ) ( 12.365, 3.555 )


SPACING: ( ParallelRunLength Spacing ) Regular Wire of Net n_29 & Pin of Cell g3200__1617  ( Metal1 )
Bounds : ( 5.605, 3.745 ) ( 5.635, 3.775 )


SHORT: ( Metal Short ) Regular Wire of Net n_74 & Blockage of Cell g3174__4319  ( Metal1 )
Bounds : ( 4.480, 3.435 ) ( 4.480, 3.515 )


MAR: ( Minimum Area ) Regular Wire of Net n_29  ( Metal2 )
Bounds : ( 5.060, 3.435 ) ( 5.185, 3.540 )


MAR: ( Minimum Area ) Regular Wire of Net n_10  ( Metal2 )
Bounds : ( 6.460, 3.435 ) ( 6.585, 3.540 )


SHORT: ( Metal Short ) Regular Wire of Net n_29 & Blockage of Cell g3174__4319  ( Metal1 )
Bounds : ( 5.205, 3.435 ) ( 5.210, 3.515 )


SHORT: ( Metal Short ) Regular Wire of Net i_op[0] & Blockage of Cell g3200__1617  ( Metal1 )
Bounds : ( 5.880, 3.435 ) ( 5.880, 3.515 )


SHORT: ( Metal Short ) Regular Wire of Net n_10 & Blockage of Cell g3200__1617  ( Metal1 )
Bounds : ( 6.605, 3.435 ) ( 6.610, 3.515 )


SHORT: ( Metal Short ) Regular Wire of Net i_b[7] & Blockage of Cell g3224__7410  ( Metal1 )
Bounds : ( 7.280, 3.435 ) ( 7.280, 3.515 )


SHORT: ( Metal Short ) Regular Wire of Net i_a[7] & Blockage of Cell g3224__7410  ( Metal1 )
Bounds : ( 8.005, 3.435 ) ( 8.010, 3.515 )


SHORT: ( Metal Short ) Regular Wire of Net n_10 & Regular Wire of Net i_op[0]  ( Metal3 )
Bounds : ( 6.435, 3.475 ) ( 6.965, 3.555 )


SPACING: ( ParallelRunLength Spacing ) Regular Wire of Net n_77 & Pin of Cell g3174__4319  ( Metal1 )
Bounds : ( 4.205, 3.745 ) ( 4.235, 3.775 )


SPACING: ( ParallelRunLength Spacing ) Regular Wire of Net n_10 & Pin of Cell g3224__7410  ( Metal1 )
Bounds : ( 7.005, 3.745 ) ( 7.035, 3.775 )


SPACING: ( ParallelRunLength Spacing ) Regular Wire of Net n_74  ( Metal2 )
Bounds : ( 4.455, 3.515 ) ( 4.460, 3.540 )


SPACING: ( ParallelRunLength Spacing ) Regular Wire of Net i_op[0]  ( Metal2 )
Bounds : ( 5.855, 3.515 ) ( 5.860, 3.540 )


SPACING: ( ParallelRunLength Spacing ) Regular Wire of Net i_b[7]  ( Metal2 )
Bounds : ( 7.255, 3.515 ) ( 7.260, 3.540 )


SHORT: ( Metal Short ) Regular Wire of Net n_66 & Regular Wire of Net n_67  ( Metal2 )
Bounds : ( 27.860, 4.210 ) ( 27.940, 4.910 )


SHORT: ( Metal Short ) Regular Wire of Net n_23 & Regular Wire of Net i_op[0]  ( Metal2 )
Bounds : ( 55.060, 3.830 ) ( 55.140, 4.910 )


SHORT: ( Metal Short ) Regular Wire of Net n_8 & Regular Wire of Net i_op[2]  ( Metal2 )
Bounds : ( 58.060, 4.020 ) ( 58.140, 4.910 )


  Total Violations : 543 Viols.
